{"D:\\Cursos\\NodeJS_Group10\\src\\app.ts": {"path":"D:\\Cursos\\NodeJS_Group10\\src\\app.ts","statementMap":{"0":{"start":{"line":1,"column":0},"end":{"line":1,"column":47}},"1":{"start":{"line":2,"column":0},"end":{"line":2,"column":28}},"2":{"start":{"line":4,"column":0},"end":{"line":4,"column":57}},"3":{"start":{"line":5,"column":0},"end":{"line":5,"column":45}},"4":{"start":{"line":6,"column":0},"end":{"line":6,"column":44}},"5":{"start":{"line":7,"column":0},"end":{"line":7,"column":73}},"6":{"start":{"line":8,"column":0},"end":{"line":8,"column":71}},"7":{"start":{"line":9,"column":0},"end":{"line":9,"column":67}},"8":{"start":{"line":10,"column":0},"end":{"line":10,"column":67}},"9":{"start":{"line":11,"column":0},"end":{"line":11,"column":63}},"10":{"start":{"line":17,"column":4},"end":{"line":17,"column":32}},"11":{"start":{"line":18,"column":4},"end":{"line":18,"column":16}},"12":{"start":{"line":19,"column":4},"end":{"line":19,"column":28}},"13":{"start":{"line":20,"column":4},"end":{"line":20,"column":28}},"14":{"start":{"line":21,"column":4},"end":{"line":21,"column":23}},"15":{"start":{"line":22,"column":4},"end":{"line":22,"column":34}},"16":{"start":{"line":23,"column":4},"end":{"line":23,"column":23}},"17":{"start":{"line":27,"column":4},"end":{"line":31,"column":7}},"18":{"start":{"line":35,"column":4},"end":{"line":35,"column":40}},"19":{"start":{"line":36,"column":4},"end":{"line":36,"column":64}},"20":{"start":{"line":40,"column":4},"end":{"line":40,"column":43}},"21":{"start":{"line":44,"column":4},"end":{"line":49,"column":6}},"22":{"start":{"line":50,"column":4},"end":{"line":50,"column":49}},"23":{"start":{"line":51,"column":4},"end":{"line":51,"column":45}},"24":{"start":{"line":55,"column":4},"end":{"line":58,"column":7}},"25":{"start":{"line":56,"column":6},"end":{"line":56,"column":29}},"26":{"start":{"line":57,"column":6},"end":{"line":57,"column":34}},"27":{"start":{"line":62,"column":4},"end":{"line":62,"column":48}},"28":{"start":{"line":63,"column":4},"end":{"line":63,"column":52}},"29":{"start":{"line":67,"column":0},"end":{"line":67,"column":36}}},"fnMap":{"0":{"name":"(anonymous_1)","decl":{"start":{"line":16,"column":2},"end":{"line":16,"column":null}},"loc":{"start":{"line":16,"column":2},"end":{"line":24,"column":3}}},"1":{"name":"(anonymous_2)","decl":{"start":{"line":26,"column":2},"end":{"line":26,"column":6}},"loc":{"start":{"line":26,"column":6},"end":{"line":32,"column":3}}},"2":{"name":"(anonymous_3)","decl":{"start":{"line":34,"column":2},"end":{"line":34,"column":18}},"loc":{"start":{"line":34,"column":18},"end":{"line":37,"column":3}}},"3":{"name":"(anonymous_4)","decl":{"start":{"line":39,"column":2},"end":{"line":39,"column":18}},"loc":{"start":{"line":39,"column":18},"end":{"line":41,"column":3}}},"4":{"name":"(anonymous_5)","decl":{"start":{"line":43,"column":2},"end":{"line":43,"column":13}},"loc":{"start":{"line":43,"column":13},"end":{"line":52,"column":3}}},"5":{"name":"(anonymous_6)","decl":{"start":{"line":54,"column":2},"end":{"line":54,"column":24}},"loc":{"start":{"line":54,"column":24},"end":{"line":59,"column":3}}},"6":{"name":"(anonymous_7)","decl":{"start":{"line":55,"column":47},"end":{"line":55,"column":48}},"loc":{"start":{"line":55,"column":60},"end":{"line":58,"column":5}}},"7":{"name":"(anonymous_8)","decl":{"start":{"line":61,"column":2},"end":{"line":61,"column":13}},"loc":{"start":{"line":61,"column":13},"end":{"line":64,"column":3}}}},"branchMap":{},"s":{"0":1,"1":1,"2":1,"3":1,"4":1,"5":1,"6":1,"7":1,"8":1,"9":1,"10":1,"11":1,"12":1,"13":1,"14":1,"15":1,"16":1,"17":1,"18":1,"19":1,"20":1,"21":1,"22":1,"23":1,"24":1,"25":0,"26":0,"27":1,"28":1,"29":1},"f":{"0":1,"1":1,"2":1,"3":1,"4":1,"5":1,"6":0,"7":1},"b":{}}
,"D:\\Cursos\\NodeJS_Group10\\src\\index.ts": {"path":"D:\\Cursos\\NodeJS_Group10\\src\\index.ts","statementMap":{"0":{"start":{"line":1,"column":0},"end":{"line":1,"column":59}},"1":{"start":{"line":2,"column":0},"end":{"line":2,"column":63}},"2":{"start":{"line":3,"column":0},"end":{"line":3,"column":57}},"3":{"start":{"line":4,"column":0},"end":{"line":4,"column":32}},"4":{"start":{"line":6,"column":0},"end":{"line":6,"column":42}},"5":{"start":{"line":8,"column":35},"end":{"line":8,"column":67}},"6":{"start":{"line":9,"column":37},"end":{"line":9,"column":60}},"7":{"start":{"line":10,"column":34},"end":{"line":10,"column":54}},"8":{"start":{"line":12,"column":0},"end":{"line":24,"column":5}},"9":{"start":{"line":14,"column":2},"end":{"line":14,"column":39}},"10":{"start":{"line":15,"column":2},"end":{"line":15,"column":36}},"11":{"start":{"line":16,"column":2},"end":{"line":16,"column":37}},"12":{"start":{"line":18,"column":2},"end":{"line":18,"column":57}},"13":{"start":{"line":19,"column":2},"end":{"line":19,"column":59}},"14":{"start":{"line":20,"column":2},"end":{"line":20,"column":56}}},"fnMap":{"0":{"name":"(anonymous_1)","decl":{"start":{"line":12,"column":1},"end":{"line":12,"column":6}},"loc":{"start":{"line":12,"column":12},"end":{"line":24,"column":1}}}},"branchMap":{},"s":{"0":0,"1":0,"2":0,"3":0,"4":0,"5":0,"6":0,"7":0,"8":0,"9":0,"10":0,"11":0,"12":0,"13":0,"14":0},"f":{"0":0},"b":{}}
,"D:\\Cursos\\NodeJS_Group10\\src\\bootstrap\\app.service.ts": {"path":"D:\\Cursos\\NodeJS_Group10\\src\\bootstrap\\app.service.ts","statementMap":{"0":{"start":{"line":1,"column":0},"end":{"line":1,"column":24}},"1":{"start":{"line":3,"column":12},"end":{"line":3,"column":18}},"2":{"start":{"line":25,"column":4},"end":{"line":25,"column":29}},"3":{"start":{"line":29,"column":17},"end":{"line":29,"column":39}},"4":{"start":{"line":31,"column":4},"end":{"line":40,"column":6}},"5":{"start":{"line":44,"column":4},"end":{"line":49,"column":6}},"6":{"start":{"line":53,"column":4},"end":{"line":53,"column":37}},"7":{"start":{"line":23,"column":0},"end":{"line":23,"column":13}}},"fnMap":{"0":{"name":"(anonymous_1)","decl":{"start":{"line":24,"column":2},"end":{"line":24,"column":8}},"loc":{"start":{"line":24,"column":17},"end":{"line":26,"column":3}}},"1":{"name":"(anonymous_2)","decl":{"start":{"line":28,"column":2},"end":{"line":28,"column":8}},"loc":{"start":{"line":28,"column":21},"end":{"line":41,"column":3}}},"2":{"name":"(anonymous_3)","decl":{"start":{"line":43,"column":2},"end":{"line":43,"column":8}},"loc":{"start":{"line":43,"column":24},"end":{"line":50,"column":3}}},"3":{"name":"(anonymous_4)","decl":{"start":{"line":52,"column":2},"end":{"line":52,"column":8}},"loc":{"start":{"line":52,"column":34},"end":{"line":54,"column":3}}}},"branchMap":{"0":{"loc":{"start":{"line":25,"column":11},"end":{"line":25,"column":28}},"type":"binary-expr","locations":[{"start":{"line":25,"column":11},"end":{"line":25,"column":20}},{"start":{"line":25,"column":24},"end":{"line":25,"column":28}}]},"1":{"loc":{"start":{"line":32,"column":12},"end":{"line":32,"column":38}},"type":"binary-expr","locations":[{"start":{"line":32,"column":12},"end":{"line":32,"column":23}},{"start":{"line":32,"column":27},"end":{"line":32,"column":38}}]},"2":{"loc":{"start":{"line":33,"column":12},"end":{"line":33,"column":32}},"type":"binary-expr","locations":[{"start":{"line":33,"column":12},"end":{"line":33,"column":24}},{"start":{"line":33,"column":28},"end":{"line":33,"column":32}}]},"3":{"loc":{"start":{"line":34,"column":17},"end":{"line":34,"column":63}},"type":"binary-expr","locations":[{"start":{"line":34,"column":17},"end":{"line":34,"column":32}},{"start":{"line":34,"column":36},"end":{"line":34,"column":63}}]},"4":{"loc":{"start":{"line":35,"column":16},"end":{"line":35,"column":37}},"type":"binary-expr","locations":[{"start":{"line":35,"column":16},"end":{"line":35,"column":27}},{"start":{"line":35,"column":31},"end":{"line":35,"column":37}}]},"5":{"loc":{"start":{"line":36,"column":16},"end":{"line":36,"column":31}},"type":"binary-expr","locations":[{"start":{"line":36,"column":16},"end":{"line":36,"column":20}},{"start":{"line":36,"column":24},"end":{"line":36,"column":31}}]},"6":{"loc":{"start":{"line":37,"column":16},"end":{"line":37,"column":40}},"type":"binary-expr","locations":[{"start":{"line":37,"column":16},"end":{"line":37,"column":27}},{"start":{"line":37,"column":31},"end":{"line":37,"column":40}}]},"7":{"loc":{"start":{"line":38,"column":19},"end":{"line":38,"column":39}},"type":"binary-expr","locations":[{"start":{"line":38,"column":19},"end":{"line":38,"column":30}},{"start":{"line":38,"column":34},"end":{"line":38,"column":39}}]},"8":{"loc":{"start":{"line":39,"column":15},"end":{"line":39,"column":35}},"type":"binary-expr","locations":[{"start":{"line":39,"column":15},"end":{"line":39,"column":26}},{"start":{"line":39,"column":30},"end":{"line":39,"column":35}}]},"9":{"loc":{"start":{"line":45,"column":12},"end":{"line":45,"column":41}},"type":"binary-expr","locations":[{"start":{"line":45,"column":12},"end":{"line":45,"column":26}},{"start":{"line":45,"column":30},"end":{"line":45,"column":41}}]},"10":{"loc":{"start":{"line":46,"column":12},"end":{"line":46,"column":35}},"type":"binary-expr","locations":[{"start":{"line":46,"column":12},"end":{"line":46,"column":27}},{"start":{"line":46,"column":31},"end":{"line":46,"column":35}}]},"11":{"loc":{"start":{"line":47,"column":16},"end":{"line":47,"column":36}},"type":"binary-expr","locations":[{"start":{"line":47,"column":16},"end":{"line":47,"column":30}},{"start":{"line":47,"column":34},"end":{"line":47,"column":36}}]}},"s":{"0":2,"1":2,"2":0,"3":1,"4":1,"5":0,"6":0,"7":2},"f":{"0":0,"1":1,"2":0,"3":0},"b":{"0":[0,0],"1":[1,0],"2":[1,0],"3":[1,0],"4":[1,0],"5":[1,0],"6":[1,0],"7":[1,0],"8":[1,1],"9":[0,0],"10":[0,0],"11":[0,0]}}
,"D:\\Cursos\\NodeJS_Group10\\src\\bootstrap\\bootstrap.ts": {"path":"D:\\Cursos\\NodeJS_Group10\\src\\bootstrap\\bootstrap.ts","statementMap":{"0":{"start":{"line":1,"column":0},"end":{"line":1,"column":22}}},"fnMap":{},"branchMap":{},"s":{"0":2},"f":{},"b":{}}
,"D:\\Cursos\\NodeJS_Group10\\src\\bootstrap\\database.bootstrap.ts": {"path":"D:\\Cursos\\NodeJS_Group10\\src\\bootstrap\\database.bootstrap.ts","statementMap":{"0":{"start":{"line":1,"column":0},"end":{"line":1,"column":37}},"1":{"start":{"line":3,"column":0},"end":{"line":3,"column":54}},"2":{"start":{"line":4,"column":0},"end":{"line":4,"column":40}},"3":{"start":{"line":10,"column":32},"end":{"line":10,"column":51}},"4":{"start":{"line":12,"column":26},"end":{"line":17,"column":6}},"5":{"start":{"line":19,"column":4},"end":{"line":19,"column":34}},"6":{"start":{"line":21,"column":4},"end":{"line":21,"column":38}},"7":{"start":{"line":25,"column":4},"end":{"line":25,"column":25}},"8":{"start":{"line":29,"column":4},"end":{"line":29,"column":28}},"9":{"start":{"line":8,"column":0},"end":{"line":8,"column":21}}},"fnMap":{"0":{"name":"(anonymous_0)","decl":{"start":{"line":9,"column":2},"end":{"line":9,"column":12}},"loc":{"start":{"line":9,"column":12},"end":{"line":22,"column":3}}},"1":{"name":"(anonymous_1)","decl":{"start":{"line":24,"column":2},"end":{"line":24,"column":8}},"loc":{"start":{"line":24,"column":23},"end":{"line":26,"column":3}}},"2":{"name":"(anonymous_2)","decl":{"start":{"line":28,"column":2},"end":{"line":28,"column":7}},"loc":{"start":{"line":28,"column":7},"end":{"line":30,"column":3}}}},"branchMap":{},"s":{"0":2,"1":2,"2":2,"3":1,"4":1,"5":1,"6":1,"7":1,"8":1,"9":2},"f":{"0":1,"1":1,"2":1},"b":{}}
,"D:\\Cursos\\NodeJS_Group10\\src\\bootstrap\\redis.bootstrap.ts": {"path":"D:\\Cursos\\NodeJS_Group10\\src\\bootstrap\\redis.bootstrap.ts","statementMap":{"0":{"start":{"line":1,"column":0},"end":{"line":1,"column":30}},"1":{"start":{"line":3,"column":0},"end":{"line":3,"column":43}},"2":{"start":{"line":4,"column":0},"end":{"line":4,"column":40}},"3":{"start":{"line":10,"column":4},"end":{"line":25,"column":7}},"4":{"start":{"line":11,"column":26},"end":{"line":11,"column":48}},"5":{"start":{"line":13,"column":21},"end":{"line":13,"column":45}},"6":{"start":{"line":14,"column":6},"end":{"line":22,"column":11}},"7":{"start":{"line":16,"column":10},"end":{"line":16,"column":41}},"8":{"start":{"line":17,"column":10},"end":{"line":17,"column":24}},"9":{"start":{"line":20,"column":10},"end":{"line":20,"column":37}},"10":{"start":{"line":21,"column":10},"end":{"line":21,"column":22}},"11":{"start":{"line":24,"column":6},"end":{"line":24,"column":27}},"12":{"start":{"line":29,"column":4},"end":{"line":29,"column":32}},"13":{"start":{"line":33,"column":4},"end":{"line":33,"column":65}},"14":{"start":{"line":37,"column":17},"end":{"line":37,"column":53}},"15":{"start":{"line":38,"column":21},"end":{"line":38,"column":43}},"16":{"start":{"line":40,"column":4},"end":{"line":42,"column":7}},"17":{"start":{"line":41,"column":6},"end":{"line":41,"column":24}},"18":{"start":{"line":44,"column":4},"end":{"line":44,"column":20}},"19":{"start":{"line":48,"column":4},"end":{"line":48,"column":29}},"20":{"start":{"line":8,"column":0},"end":{"line":8,"column":21}}},"fnMap":{"0":{"name":"(anonymous_1)","decl":{"start":{"line":9,"column":2},"end":{"line":9,"column":12}},"loc":{"start":{"line":9,"column":12},"end":{"line":26,"column":3}}},"1":{"name":"(anonymous_2)","decl":{"start":{"line":10,"column":23},"end":{"line":10,"column":24}},"loc":{"start":{"line":10,"column":43},"end":{"line":25,"column":5}}},"2":{"name":"(anonymous_3)","decl":{"start":{"line":15,"column":23},"end":{"line":15,"column":26}},"loc":{"start":{"line":15,"column":28},"end":{"line":18,"column":9}}},"3":{"name":"(anonymous_4)","decl":{"start":{"line":19,"column":21},"end":{"line":19,"column":22}},"loc":{"start":{"line":19,"column":29},"end":{"line":22,"column":9}}},"4":{"name":"(anonymous_5)","decl":{"start":{"line":28,"column":2},"end":{"line":28,"column":8}},"loc":{"start":{"line":28,"column":30},"end":{"line":30,"column":3}}},"5":{"name":"(anonymous_6)","decl":{"start":{"line":32,"column":2},"end":{"line":32,"column":8}},"loc":{"start":{"line":32,"column":45},"end":{"line":34,"column":3}}},"6":{"name":"(anonymous_7)","decl":{"start":{"line":36,"column":2},"end":{"line":36,"column":8}},"loc":{"start":{"line":36,"column":40},"end":{"line":45,"column":3}}},"7":{"name":"(anonymous_8)","decl":{"start":{"line":40,"column":17},"end":{"line":40,"column":18}},"loc":{"start":{"line":40,"column":33},"end":{"line":42,"column":5}}},"8":{"name":"(anonymous_9)","decl":{"start":{"line":47,"column":2},"end":{"line":47,"column":7}},"loc":{"start":{"line":47,"column":7},"end":{"line":49,"column":3}}}},"branchMap":{"0":{"loc":{"start":{"line":36,"column":21},"end":{"line":36,"column":40}},"type":"default-arg","locations":[{"start":{"line":36,"column":38},"end":{"line":36,"column":40}}]}},"s":{"0":1,"1":1,"2":1,"3":0,"4":0,"5":0,"6":0,"7":0,"8":0,"9":0,"10":0,"11":0,"12":0,"13":0,"14":0,"15":0,"16":0,"17":0,"18":0,"19":0,"20":1},"f":{"0":0,"1":0,"2":0,"3":0,"4":0,"5":0,"6":0,"7":0,"8":0},"b":{"0":[0]}}
,"D:\\Cursos\\NodeJS_Group10\\src\\bootstrap\\server.bootstrap.ts": {"path":"D:\\Cursos\\NodeJS_Group10\\src\\bootstrap\\server.bootstrap.ts","statementMap":{"0":{"start":{"line":2,"column":0},"end":{"line":2,"column":24}},"1":{"start":{"line":4,"column":0},"end":{"line":4,"column":43}},"2":{"start":{"line":5,"column":0},"end":{"line":5,"column":40}},"3":{"start":{"line":9,"column":4},"end":{"line":9,"column":12}},"4":{"start":{"line":8,"column":31},"end":{"line":8,"column":47}},"5":{"start":{"line":13,"column":4},"end":{"line":26,"column":7}},"6":{"start":{"line":14,"column":21},"end":{"line":14,"column":48}},"7":{"start":{"line":16,"column":6},"end":{"line":25,"column":11}},"8":{"start":{"line":19,"column":10},"end":{"line":19,"column":51}},"9":{"start":{"line":20,"column":10},"end":{"line":20,"column":63}},"10":{"start":{"line":23,"column":10},"end":{"line":23,"column":24}},"11":{"start":{"line":24,"column":10},"end":{"line":24,"column":29}},"12":{"start":{"line":30,"column":4},"end":{"line":30,"column":20}},"13":{"start":{"line":7,"column":0},"end":{"line":7,"column":21}}},"fnMap":{"0":{"name":"(anonymous_1)","decl":{"start":{"line":8,"column":2},"end":{"line":8,"column":31}},"loc":{"start":{"line":8,"column":47},"end":{"line":10,"column":3}}},"1":{"name":"(anonymous_2)","decl":{"start":{"line":12,"column":2},"end":{"line":12,"column":12}},"loc":{"start":{"line":12,"column":12},"end":{"line":27,"column":3}}},"2":{"name":"(anonymous_3)","decl":{"start":{"line":13,"column":28},"end":{"line":13,"column":29}},"loc":{"start":{"line":13,"column":48},"end":{"line":26,"column":5}}},"3":{"name":"(anonymous_4)","decl":{"start":{"line":18,"column":25},"end":{"line":18,"column":28}},"loc":{"start":{"line":18,"column":30},"end":{"line":21,"column":9}}},"4":{"name":"(anonymous_5)","decl":{"start":{"line":22,"column":21},"end":{"line":22,"column":22}},"loc":{"start":{"line":22,"column":31},"end":{"line":25,"column":9}}},"5":{"name":"(anonymous_6)","decl":{"start":{"line":29,"column":2},"end":{"line":29,"column":7}},"loc":{"start":{"line":29,"column":7},"end":{"line":31,"column":3}}}},"branchMap":{},"s":{"0":0,"1":0,"2":0,"3":0,"4":0,"5":0,"6":0,"7":0,"8":0,"9":0,"10":0,"11":0,"12":0,"13":0},"f":{"0":0,"1":0,"2":0,"3":0,"4":0,"5":0},"b":{}}
,"D:\\Cursos\\NodeJS_Group10\\src\\core\\infrastructure\\upload.builder.ts": {"path":"D:\\Cursos\\NodeJS_Group10\\src\\core\\infrastructure\\upload.builder.ts","statementMap":{"0":{"start":{"line":9,"column":4},"end":{"line":9,"column":27}},"1":{"start":{"line":13,"column":4},"end":{"line":13,"column":25}},"2":{"start":{"line":17,"column":4},"end":{"line":17,"column":34}},"3":{"start":{"line":21,"column":4},"end":{"line":21,"column":29}},"4":{"start":{"line":25,"column":4},"end":{"line":25,"column":26}},"5":{"start":{"line":29,"column":4},"end":{"line":29,"column":32}},"6":{"start":{"line":30,"column":4},"end":{"line":30,"column":16}},"7":{"start":{"line":34,"column":4},"end":{"line":34,"column":28}},"8":{"start":{"line":35,"column":4},"end":{"line":35,"column":16}},"9":{"start":{"line":39,"column":4},"end":{"line":39,"column":46}},"10":{"start":{"line":40,"column":4},"end":{"line":40,"column":16}},"11":{"start":{"line":44,"column":4},"end":{"line":44,"column":36}},"12":{"start":{"line":45,"column":4},"end":{"line":45,"column":16}},"13":{"start":{"line":49,"column":4},"end":{"line":49,"column":30}},"14":{"start":{"line":50,"column":4},"end":{"line":50,"column":16}},"15":{"start":{"line":54,"column":4},"end":{"line":54,"column":35}},"16":{"start":{"line":1,"column":0},"end":{"line":1,"column":13}},"17":{"start":{"line":66,"column":4},"end":{"line":66,"column":39}},"18":{"start":{"line":67,"column":4},"end":{"line":67,"column":35}},"19":{"start":{"line":68,"column":4},"end":{"line":68,"column":53}},"20":{"start":{"line":69,"column":4},"end":{"line":69,"column":43}},"21":{"start":{"line":70,"column":4},"end":{"line":70,"column":37}},"22":{"start":{"line":58,"column":0},"end":{"line":58,"column":13}}},"fnMap":{"0":{"name":"(anonymous_0)","decl":{"start":{"line":8,"column":2},"end":{"line":8,"column":6}},"loc":{"start":{"line":8,"column":15},"end":{"line":10,"column":3}}},"1":{"name":"(anonymous_1)","decl":{"start":{"line":12,"column":2},"end":{"line":12,"column":6}},"loc":{"start":{"line":12,"column":13},"end":{"line":14,"column":3}}},"2":{"name":"(anonymous_2)","decl":{"start":{"line":16,"column":2},"end":{"line":16,"column":6}},"loc":{"start":{"line":16,"column":22},"end":{"line":18,"column":3}}},"3":{"name":"(anonymous_3)","decl":{"start":{"line":20,"column":2},"end":{"line":20,"column":6}},"loc":{"start":{"line":20,"column":17},"end":{"line":22,"column":3}}},"4":{"name":"(anonymous_4)","decl":{"start":{"line":24,"column":2},"end":{"line":24,"column":6}},"loc":{"start":{"line":24,"column":14},"end":{"line":26,"column":3}}},"5":{"name":"(anonymous_5)","decl":{"start":{"line":28,"column":2},"end":{"line":28,"column":14}},"loc":{"start":{"line":28,"column":32},"end":{"line":31,"column":3}}},"6":{"name":"(anonymous_6)","decl":{"start":{"line":33,"column":2},"end":{"line":33,"column":12}},"loc":{"start":{"line":33,"column":28},"end":{"line":36,"column":3}}},"7":{"name":"(anonymous_7)","decl":{"start":{"line":38,"column":2},"end":{"line":38,"column":21}},"loc":{"start":{"line":38,"column":48},"end":{"line":41,"column":3}}},"8":{"name":"(anonymous_8)","decl":{"start":{"line":43,"column":2},"end":{"line":43,"column":16}},"loc":{"start":{"line":43,"column":36},"end":{"line":46,"column":3}}},"9":{"name":"(anonymous_9)","decl":{"start":{"line":48,"column":2},"end":{"line":48,"column":13}},"loc":{"start":{"line":48,"column":31},"end":{"line":51,"column":3}}},"10":{"name":"(anonymous_10)","decl":{"start":{"line":53,"column":2},"end":{"line":53,"column":7}},"loc":{"start":{"line":53,"column":7},"end":{"line":55,"column":3}}},"11":{"name":"(anonymous_11)","decl":{"start":{"line":65,"column":2},"end":{"line":65,"column":14}},"loc":{"start":{"line":65,"column":36},"end":{"line":71,"column":3}}}},"branchMap":{},"s":{"0":2,"1":2,"2":2,"3":2,"4":2,"5":2,"6":2,"7":2,"8":2,"9":2,"10":2,"11":2,"12":2,"13":2,"14":2,"15":2,"16":1,"17":2,"18":2,"19":2,"20":2,"21":2,"22":1},"f":{"0":2,"1":2,"2":2,"3":2,"4":2,"5":2,"6":2,"7":2,"8":2,"9":2,"10":2,"11":2},"b":{}}
,"D:\\Cursos\\NodeJS_Group10\\src\\core\\infrastructure\\upload.middleware.ts": {"path":"D:\\Cursos\\NodeJS_Group10\\src\\core\\infrastructure\\upload.middleware.ts","statementMap":{"0":{"start":{"line":3,"column":0},"end":{"line":3,"column":28}},"1":{"start":{"line":4,"column":0},"end":{"line":4,"column":34}},"2":{"start":{"line":5,"column":0},"end":{"line":5,"column":46}},"3":{"start":{"line":7,"column":0},"end":{"line":7,"column":64}},"4":{"start":{"line":8,"column":0},"end":{"line":8,"column":24}},"5":{"start":{"line":11,"column":12},"end":{"line":11,"column":18}},"6":{"start":{"line":20,"column":4},"end":{"line":47,"column":33}},"7":{"start":{"line":28,"column":10},"end":{"line":28,"column":50}},"8":{"start":{"line":31,"column":27},"end":{"line":31,"column":40}},"9":{"start":{"line":32,"column":32},"end":{"line":32,"column":75}},"10":{"start":{"line":34,"column":10},"end":{"line":38,"column":null}},"11":{"start":{"line":35,"column":34},"end":{"line":35,"column":68}},"12":{"start":{"line":36,"column":12},"end":{"line":36,"column":31}},"13":{"start":{"line":37,"column":12},"end":{"line":37,"column":35}},"14":{"start":{"line":40,"column":32},"end":{"line":40,"column":60}},"15":{"start":{"line":41,"column":28},"end":{"line":41,"column":67}},"16":{"start":{"line":42,"column":27},"end":{"line":42,"column":78}},"17":{"start":{"line":43,"column":10},"end":{"line":43,"column":49}},"18":{"start":{"line":44,"column":10},"end":{"line":44,"column":29}},"19":{"start":{"line":18,"column":0},"end":{"line":18,"column":13}},"20":{"start":{"line":53,"column":4},"end":{"line":57,"column":6}},"21":{"start":{"line":54,"column":6},"end":{"line":54,"column":35}},"22":{"start":{"line":55,"column":6},"end":{"line":55,"column":27}},"23":{"start":{"line":56,"column":6},"end":{"line":56,"column":13}},"24":{"start":{"line":51,"column":0},"end":{"line":51,"column":13}},"25":{"start":{"line":63,"column":4},"end":{"line":67,"column":6}},"26":{"start":{"line":64,"column":6},"end":{"line":64,"column":34}},"27":{"start":{"line":65,"column":6},"end":{"line":65,"column":27}},"28":{"start":{"line":66,"column":6},"end":{"line":66,"column":13}},"29":{"start":{"line":61,"column":0},"end":{"line":61,"column":13}},"30":{"start":{"line":79,"column":4},"end":{"line":79,"column":47}},"31":{"start":{"line":71,"column":0},"end":{"line":71,"column":13}},"32":{"start":{"line":91,"column":4},"end":{"line":91,"column":47}},"33":{"start":{"line":83,"column":0},"end":{"line":83,"column":13}},"34":{"start":{"line":97,"column":4},"end":{"line":106,"column":null}},"35":{"start":{"line":99,"column":8},"end":{"line":99,"column":32}},"36":{"start":{"line":101,"column":8},"end":{"line":101,"column":35}},"37":{"start":{"line":103,"column":8},"end":{"line":103,"column":34}},"38":{"start":{"line":105,"column":8},"end":{"line":105,"column":35}},"39":{"start":{"line":95,"column":0},"end":{"line":95,"column":13}},"40":{"start":{"line":112,"column":4},"end":{"line":119,"column":null}},"41":{"start":{"line":114,"column":8},"end":{"line":114,"column":36}},"42":{"start":{"line":116,"column":8},"end":{"line":116,"column":34}},"43":{"start":{"line":118,"column":8},"end":{"line":118,"column":36}},"44":{"start":{"line":110,"column":0},"end":{"line":110,"column":13}},"45":{"start":{"line":125,"column":4},"end":{"line":132,"column":null}},"46":{"start":{"line":127,"column":8},"end":{"line":127,"column":45}},"47":{"start":{"line":129,"column":8},"end":{"line":129,"column":49}},"48":{"start":{"line":131,"column":8},"end":{"line":131,"column":45}},"49":{"start":{"line":123,"column":0},"end":{"line":123,"column":13}},"50":{"start":{"line":136,"column":24},"end":{"line":136,"column":70}},"51":{"start":{"line":137,"column":25},"end":{"line":137,"column":76}},"52":{"start":{"line":139,"column":31},"end":{"line":145,"column":10}}},"fnMap":{"0":{"name":"(anonymous_1)","decl":{"start":{"line":19,"column":2},"end":{"line":19,"column":6}},"loc":{"start":{"line":19,"column":29},"end":{"line":48,"column":3}}},"1":{"name":"(anonymous_2)","decl":{"start":{"line":27,"column":8},"end":{"line":27,"column":16}},"loc":{"start":{"line":27,"column":30},"end":{"line":29,"column":9}}},"2":{"name":"(anonymous_3)","decl":{"start":{"line":30,"column":8},"end":{"line":30,"column":11}},"loc":{"start":{"line":30,"column":34},"end":{"line":45,"column":9}}},"3":{"name":"(anonymous_4)","decl":{"start":{"line":52,"column":2},"end":{"line":52,"column":6}},"loc":{"start":{"line":52,"column":29},"end":{"line":58,"column":3}}},"4":{"name":"(anonymous_5)","decl":{"start":{"line":53,"column":11},"end":{"line":53,"column":12}},"loc":{"start":{"line":53,"column":63},"end":{"line":57,"column":5}}},"5":{"name":"(anonymous_6)","decl":{"start":{"line":62,"column":2},"end":{"line":62,"column":6}},"loc":{"start":{"line":62,"column":29},"end":{"line":68,"column":3}}},"6":{"name":"(anonymous_7)","decl":{"start":{"line":63,"column":11},"end":{"line":63,"column":12}},"loc":{"start":{"line":63,"column":63},"end":{"line":67,"column":5}}},"7":{"name":"(anonymous_8)","decl":{"start":{"line":72,"column":2},"end":{"line":72,"column":6}},"loc":{"start":{"line":73,"column":26},"end":{"line":80,"column":3}}},"8":{"name":"(anonymous_9)","decl":{"start":{"line":84,"column":2},"end":{"line":84,"column":6}},"loc":{"start":{"line":85,"column":26},"end":{"line":92,"column":3}}},"9":{"name":"(anonymous_10)","decl":{"start":{"line":96,"column":2},"end":{"line":96,"column":8}},"loc":{"start":{"line":96,"column":32},"end":{"line":107,"column":3}}},"10":{"name":"(anonymous_11)","decl":{"start":{"line":111,"column":2},"end":{"line":111,"column":8}},"loc":{"start":{"line":111,"column":32},"end":{"line":120,"column":3}}},"11":{"name":"(anonymous_12)","decl":{"start":{"line":124,"column":2},"end":{"line":124,"column":8}},"loc":{"start":{"line":124,"column":48},"end":{"line":133,"column":3}}}},"branchMap":{"0":{"loc":{"start":{"line":25,"column":13},"end":{"line":25,"column":50}},"type":"cond-expr","locations":[{"start":{"line":25,"column":32},"end":{"line":25,"column":45}},{"start":{"line":25,"column":48},"end":{"line":25,"column":50}}]},"1":{"loc":{"start":{"line":34,"column":10},"end":{"line":38,"column":null}},"type":"if","locations":[{"start":{"line":34,"column":10},"end":{"line":38,"column":null}}]},"2":{"loc":{"start":{"line":97,"column":4},"end":{"line":106,"column":null}},"type":"switch","locations":[{"start":{"line":98,"column":6},"end":{"line":99,"column":32}},{"start":{"line":100,"column":6},"end":{"line":101,"column":35}},{"start":{"line":102,"column":6},"end":{"line":103,"column":34}},{"start":{"line":104,"column":6},"end":{"line":105,"column":35}}]},"3":{"loc":{"start":{"line":112,"column":4},"end":{"line":119,"column":null}},"type":"switch","locations":[{"start":{"line":113,"column":6},"end":{"line":114,"column":36}},{"start":{"line":115,"column":6},"end":{"line":116,"column":34}},{"start":{"line":117,"column":6},"end":{"line":118,"column":36}}]},"4":{"loc":{"start":{"line":125,"column":4},"end":{"line":132,"column":null}},"type":"switch","locations":[{"start":{"line":126,"column":6},"end":{"line":127,"column":45}},{"start":{"line":128,"column":6},"end":{"line":129,"column":49}},{"start":{"line":130,"column":6},"end":{"line":131,"column":45}}]}},"s":{"0":1,"1":1,"2":1,"3":1,"4":1,"5":1,"6":1,"7":0,"8":0,"9":0,"10":0,"11":0,"12":0,"13":0,"14":0,"15":0,"16":0,"17":0,"18":0,"19":1,"20":0,"21":0,"22":0,"23":0,"24":1,"25":0,"26":0,"27":0,"28":0,"29":1,"30":0,"31":1,"32":0,"33":1,"34":1,"35":0,"36":1,"37":0,"38":0,"39":1,"40":1,"41":1,"42":0,"43":0,"44":1,"45":2,"46":1,"47":1,"48":0,"49":1,"50":1,"51":1,"52":1},"f":{"0":1,"1":0,"2":0,"3":0,"4":0,"5":0,"6":0,"7":0,"8":0,"9":1,"10":1,"11":2},"b":{"0":[1,0],"1":[0],"2":[0,1,0,0],"3":[1,0,0],"4":[1,1,0]}}
,"D:\\Cursos\\NodeJS_Group10\\src\\helpers\\cache.ts": {"path":"D:\\Cursos\\NodeJS_Group10\\src\\helpers\\cache.ts","statementMap":{"0":{"start":{"line":2,"column":0},"end":{"line":2,"column":58}},"1":{"start":{"line":6,"column":4},"end":{"line":36,"column":6}},"2":{"start":{"line":7,"column":16},"end":{"line":7,"column":22}},"3":{"start":{"line":9,"column":6},"end":{"line":13,"column":null}},"4":{"start":{"line":10,"column":8},"end":{"line":12,"column":null}},"5":{"start":{"line":11,"column":10},"end":{"line":11,"column":47}},"6":{"start":{"line":15,"column":6},"end":{"line":19,"column":null}},"7":{"start":{"line":16,"column":8},"end":{"line":18,"column":null}},"8":{"start":{"line":17,"column":10},"end":{"line":17,"column":48}},"9":{"start":{"line":21,"column":6},"end":{"line":25,"column":null}},"10":{"start":{"line":22,"column":8},"end":{"line":24,"column":null}},"11":{"start":{"line":23,"column":10},"end":{"line":23,"column":46}},"12":{"start":{"line":27,"column":21},"end":{"line":27,"column":50}},"13":{"start":{"line":29,"column":6},"end":{"line":35,"column":null}},"14":{"start":{"line":30,"column":8},"end":{"line":30,"column":43}},"15":{"start":{"line":31,"column":8},"end":{"line":31,"column":44}},"16":{"start":{"line":33,"column":8},"end":{"line":33,"column":34}},"17":{"start":{"line":34,"column":8},"end":{"line":34,"column":15}},"18":{"start":{"line":4,"column":0},"end":{"line":4,"column":21}}},"fnMap":{"0":{"name":"(anonymous_1)","decl":{"start":{"line":5,"column":2},"end":{"line":5,"column":8}},"loc":{"start":{"line":5,"column":30},"end":{"line":37,"column":3}}},"1":{"name":"(anonymous_2)","decl":{"start":{"line":6,"column":11},"end":{"line":6,"column":16}},"loc":{"start":{"line":6,"column":69},"end":{"line":36,"column":5}}}},"branchMap":{"0":{"loc":{"start":{"line":9,"column":6},"end":{"line":13,"column":null}},"type":"if","locations":[{"start":{"line":9,"column":6},"end":{"line":13,"column":null}}]},"1":{"loc":{"start":{"line":15,"column":6},"end":{"line":19,"column":null}},"type":"if","locations":[{"start":{"line":15,"column":6},"end":{"line":19,"column":null}}]},"2":{"loc":{"start":{"line":21,"column":6},"end":{"line":25,"column":null}},"type":"if","locations":[{"start":{"line":21,"column":6},"end":{"line":25,"column":null}}]},"3":{"loc":{"start":{"line":29,"column":6},"end":{"line":35,"column":null}},"type":"if","locations":[{"start":{"line":29,"column":6},"end":{"line":35,"column":null}},{"start":{"line":32,"column":13},"end":{"line":35,"column":null}}]}},"s":{"0":1,"1":2,"2":0,"3":0,"4":0,"5":0,"6":0,"7":0,"8":0,"9":0,"10":0,"11":0,"12":0,"13":0,"14":0,"15":0,"16":0,"17":0,"18":1},"f":{"0":2,"1":0},"b":{"0":[0],"1":[0],"2":[0],"3":[0,0]}}
,"D:\\Cursos\\NodeJS_Group10\\src\\helpers\\errors.ts": {"path":"D:\\Cursos\\NodeJS_Group10\\src\\helpers\\errors.ts","statementMap":{"0":{"start":{"line":4,"column":0},"end":{"line":4,"column":34}},"1":{"start":{"line":5,"column":0},"end":{"line":5,"column":32}},"2":{"start":{"line":9,"column":4},"end":{"line":9,"column":38}},"3":{"start":{"line":18,"column":29},"end":{"line":24,"column":6}},"4":{"start":{"line":26,"column":29},"end":{"line":33,"column":6}},"5":{"start":{"line":35,"column":4},"end":{"line":35,"column":34}},"6":{"start":{"line":37,"column":31},"end":{"line":37,"column":58}},"7":{"start":{"line":38,"column":4},"end":{"line":38,"column":36}},"8":{"start":{"line":40,"column":4},"end":{"line":40,"column":67}},"9":{"start":{"line":7,"column":0},"end":{"line":7,"column":null}}},"fnMap":{"0":{"name":"(anonymous_0)","decl":{"start":{"line":8,"column":2},"end":{"line":8,"column":8}},"loc":{"start":{"line":8,"column":45},"end":{"line":10,"column":3}}},"1":{"name":"(anonymous_1)","decl":{"start":{"line":12,"column":2},"end":{"line":12,"column":8}},"loc":{"start":{"line":16,"column":22},"end":{"line":41,"column":3}}}},"branchMap":{"0":{"loc":{"start":{"line":20,"column":14},"end":{"line":20,"column":33}},"type":"binary-expr","locations":[{"start":{"line":20,"column":14},"end":{"line":20,"column":26}},{"start":{"line":20,"column":30},"end":{"line":20,"column":33}}]}},"s":{"0":1,"1":1,"2":0,"3":3,"4":3,"5":3,"6":3,"7":3,"8":3,"9":1},"f":{"0":0,"1":3},"b":{"0":[3,0]}}
,"D:\\Cursos\\NodeJS_Group10\\src\\helpers\\health.ts": {"path":"D:\\Cursos\\NodeJS_Group10\\src\\helpers\\health.ts","statementMap":{"0":{"start":{"line":1,"column":0},"end":{"line":1,"column":52}},"1":{"start":{"line":7,"column":4},"end":{"line":7,"column":34}},"2":{"start":{"line":8,"column":4},"end":{"line":8,"column":23}},"3":{"start":{"line":12,"column":4},"end":{"line":14,"column":6}},"4":{"start":{"line":13,"column":6},"end":{"line":13,"column":27}},"5":{"start":{"line":15,"column":4},"end":{"line":17,"column":6}},"6":{"start":{"line":16,"column":6},"end":{"line":16,"column":27}},"7":{"start":{"line":18,"column":4},"end":{"line":20,"column":6}},"8":{"start":{"line":19,"column":6},"end":{"line":19,"column":27}},"9":{"start":{"line":24,"column":0},"end":{"line":24,"column":48}}},"fnMap":{"0":{"name":"(anonymous_0)","decl":{"start":{"line":6,"column":2},"end":{"line":6,"column":null}},"loc":{"start":{"line":6,"column":2},"end":{"line":9,"column":3}}},"1":{"name":"(anonymous_1)","decl":{"start":{"line":11,"column":2},"end":{"line":11,"column":13}},"loc":{"start":{"line":11,"column":13},"end":{"line":21,"column":3}}},"2":{"name":"(anonymous_2)","decl":{"start":{"line":12,"column":32},"end":{"line":12,"column":33}},"loc":{"start":{"line":13,"column":6},"end":{"line":13,"column":27}}},"3":{"name":"(anonymous_3)","decl":{"start":{"line":15,"column":43},"end":{"line":15,"column":44}},"loc":{"start":{"line":16,"column":6},"end":{"line":16,"column":27}}},"4":{"name":"(anonymous_4)","decl":{"start":{"line":18,"column":39},"end":{"line":18,"column":40}},"loc":{"start":{"line":19,"column":6},"end":{"line":19,"column":27}}}},"branchMap":{},"s":{"0":1,"1":1,"2":1,"3":1,"4":0,"5":1,"6":0,"7":1,"8":0,"9":1},"f":{"0":1,"1":1,"2":0,"3":0,"4":0},"b":{}}
,"D:\\Cursos\\NodeJS_Group10\\src\\helpers\\logger.ts": {"path":"D:\\Cursos\\NodeJS_Group10\\src\\helpers\\logger.ts","statementMap":{"0":{"start":{"line":1,"column":0},"end":{"line":1,"column":35}},"1":{"start":{"line":2,"column":17},"end":{"line":2,"column":54}},"2":{"start":{"line":7,"column":2},"end":{"line":7,"column":34}},"3":{"start":{"line":8,"column":2},"end":{"line":8,"column":30}},"4":{"start":{"line":10,"column":2},"end":{"line":10,"column":25}},"5":{"start":{"line":14,"column":4},"end":{"line":14,"column":39}},"6":{"start":{"line":18,"column":4},"end":{"line":24,"column":null}},"7":{"start":{"line":19,"column":6},"end":{"line":19,"column":37}},"8":{"start":{"line":20,"column":6},"end":{"line":23,"column":17}},"9":{"start":{"line":25,"column":4},"end":{"line":25,"column":34}},"10":{"start":{"line":29,"column":4},"end":{"line":29,"column":36}},"11":{"start":{"line":30,"column":4},"end":{"line":30,"column":16}},"12":{"start":{"line":34,"column":24},"end":{"line":37,"column":6}},"13":{"start":{"line":39,"column":4},"end":{"line":39,"column":25}},"14":{"start":{"line":4,"column":0},"end":{"line":4,"column":13}},"15":{"start":{"line":45,"column":4},"end":{"line":60,"column":7}},"16":{"start":{"line":64,"column":4},"end":{"line":67,"column":7}},"17":{"start":{"line":43,"column":0},"end":{"line":43,"column":13}}},"fnMap":{"0":{"name":"(anonymous_6)","decl":{"start":{"line":13,"column":2},"end":{"line":13,"column":null}},"loc":{"start":{"line":13,"column":2},"end":{"line":15,"column":3}}},"1":{"name":"(anonymous_7)","decl":{"start":{"line":17,"column":2},"end":{"line":17,"column":8}},"loc":{"start":{"line":17,"column":18},"end":{"line":26,"column":3}}},"2":{"name":"(anonymous_8)","decl":{"start":{"line":28,"column":2},"end":{"line":28,"column":14}},"loc":{"start":{"line":28,"column":29},"end":{"line":31,"column":3}}},"3":{"name":"(anonymous_9)","decl":{"start":{"line":33,"column":2},"end":{"line":33,"column":7}},"loc":{"start":{"line":33,"column":7},"end":{"line":40,"column":3}}},"4":{"name":"(anonymous_10)","decl":{"start":{"line":44,"column":2},"end":{"line":44,"column":8}},"loc":{"start":{"line":44,"column":20},"end":{"line":61,"column":3}}},"5":{"name":"(anonymous_11)","decl":{"start":{"line":63,"column":2},"end":{"line":63,"column":8}},"loc":{"start":{"line":63,"column":16},"end":{"line":68,"column":3}}}},"branchMap":{"0":{"loc":{"start":{"line":18,"column":4},"end":{"line":24,"column":null}},"type":"if","locations":[{"start":{"line":18,"column":4},"end":{"line":24,"column":null}}]}},"s":{"0":1,"1":1,"2":1,"3":1,"4":1,"5":1,"6":3,"7":1,"8":1,"9":3,"10":2,"11":2,"12":1,"13":1,"14":1,"15":1,"16":1,"17":1},"f":{"0":1,"1":3,"2":2,"3":1,"4":1,"5":1},"b":{"0":[1]}}
,"D:\\Cursos\\NodeJS_Group10\\src\\helpers\\trace.ts": {"path":"D:\\Cursos\\NodeJS_Group10\\src\\helpers\\trace.ts","statementMap":{"0":{"start":{"line":1,"column":0},"end":{"line":1,"column":36}},"1":{"start":{"line":10,"column":4},"end":{"line":15,"column":null}},"2":{"start":{"line":11,"column":6},"end":{"line":11,"column":35}},"3":{"start":{"line":12,"column":6},"end":{"line":12,"column":35}},"4":{"start":{"line":13,"column":11},"end":{"line":15,"column":null}},"5":{"start":{"line":14,"column":6},"end":{"line":14,"column":35}},"6":{"start":{"line":17,"column":4},"end":{"line":17,"column":29}},"7":{"start":{"line":3,"column":0},"end":{"line":3,"column":13}}},"fnMap":{"0":{"name":"(anonymous_0)","decl":{"start":{"line":7,"column":2},"end":{"line":7,"column":25}},"loc":{"start":{"line":7,"column":2},"end":{"line":7,"column":26}}},"1":{"name":"(anonymous_1)","decl":{"start":{"line":9,"column":9},"end":{"line":9,"column":15}},"loc":{"start":{"line":9,"column":46},"end":{"line":18,"column":3}}}},"branchMap":{"0":{"loc":{"start":{"line":9,"column":24},"end":{"line":9,"column":46}},"type":"default-arg","locations":[{"start":{"line":9,"column":41},"end":{"line":9,"column":46}}]},"1":{"loc":{"start":{"line":10,"column":4},"end":{"line":15,"column":null}},"type":"if","locations":[{"start":{"line":10,"column":4},"end":{"line":15,"column":null}},{"start":{"line":13,"column":11},"end":{"line":15,"column":null}}]},"2":{"loc":{"start":{"line":13,"column":11},"end":{"line":15,"column":null}},"type":"if","locations":[{"start":{"line":13,"column":11},"end":{"line":15,"column":null}}]},"3":{"loc":{"start":{"line":13,"column":15},"end":{"line":13,"column":38}},"type":"binary-expr","locations":[{"start":{"line":13,"column":15},"end":{"line":13,"column":29}},{"start":{"line":13,"column":33},"end":{"line":13,"column":38}}]}},"s":{"0":1,"1":6,"2":1,"3":1,"4":5,"5":0,"6":6,"7":1},"f":{"0":1,"1":6},"b":{"0":[6],"1":[1,5],"2":[0],"3":[5,5]}}
,"D:\\Cursos\\NodeJS_Group10\\src\\middlewares\\authentication.middleware.ts": {"path":"D:\\Cursos\\NodeJS_Group10\\src\\middlewares\\authentication.middleware.ts","statementMap":{"0":{"start":{"line":4,"column":0},"end":{"line":4,"column":71}},"1":{"start":{"line":8,"column":30},"end":{"line":8,"column":41}},"2":{"start":{"line":10,"column":4},"end":{"line":33,"column":null}},"3":{"start":{"line":11,"column":28},"end":{"line":11,"column":53}},"4":{"start":{"line":12,"column":6},"end":{"line":12,"column":25}},"5":{"start":{"line":13,"column":6},"end":{"line":13,"column":25}},"6":{"start":{"line":16,"column":30},"end":{"line":16,"column":54}},"7":{"start":{"line":17,"column":6},"end":{"line":21,"column":null}},"8":{"start":{"line":18,"column":30},"end":{"line":18,"column":55}},"9":{"start":{"line":19,"column":8},"end":{"line":19,"column":27}},"10":{"start":{"line":20,"column":8},"end":{"line":20,"column":27}},"11":{"start":{"line":23,"column":6},"end":{"line":32,"column":11}},"12":{"start":{"line":25,"column":10},"end":{"line":25,"column":43}},"13":{"start":{"line":26,"column":10},"end":{"line":26,"column":24}},"14":{"start":{"line":29,"column":32},"end":{"line":29,"column":54}},"15":{"start":{"line":30,"column":10},"end":{"line":30,"column":36}},"16":{"start":{"line":31,"column":10},"end":{"line":31,"column":29}},"17":{"start":{"line":6,"column":0},"end":{"line":6,"column":13}}},"fnMap":{"0":{"name":"(anonymous_0)","decl":{"start":{"line":7,"column":2},"end":{"line":7,"column":8}},"loc":{"start":{"line":7,"column":68},"end":{"line":34,"column":3}}},"1":{"name":"(anonymous_1)","decl":{"start":{"line":24,"column":14},"end":{"line":24,"column":15}},"loc":{"start":{"line":24,"column":31},"end":{"line":27,"column":9}}},"2":{"name":"(anonymous_2)","decl":{"start":{"line":28,"column":15},"end":{"line":28,"column":16}},"loc":{"start":{"line":28,"column":23},"end":{"line":32,"column":9}}}},"branchMap":{"0":{"loc":{"start":{"line":10,"column":4},"end":{"line":33,"column":null}},"type":"if","locations":[{"start":{"line":10,"column":4},"end":{"line":33,"column":null}},{"start":{"line":14,"column":11},"end":{"line":33,"column":null}}]},"1":{"loc":{"start":{"line":17,"column":6},"end":{"line":21,"column":null}},"type":"if","locations":[{"start":{"line":17,"column":6},"end":{"line":21,"column":null}}]},"2":{"loc":{"start":{"line":17,"column":10},"end":{"line":17,"column":53}},"type":"binary-expr","locations":[{"start":{"line":17,"column":10},"end":{"line":17,"column":43}},{"start":{"line":17,"column":47},"end":{"line":17,"column":53}}]}},"s":{"0":1,"1":4,"2":4,"3":1,"4":1,"5":1,"6":3,"7":3,"8":0,"9":0,"10":0,"11":3,"12":1,"13":1,"14":2,"15":2,"16":2,"17":1},"f":{"0":4,"1":1,"2":2},"b":{"0":[1,3],"1":[0],"2":[3,3]}}
,"D:\\Cursos\\NodeJS_Group10\\src\\middlewares\\authorization.middleware.ts": {"path":"D:\\Cursos\\NodeJS_Group10\\src\\middlewares\\authorization.middleware.ts","statementMap":{"0":{"start":{"line":7,"column":4},"end":{"line":17,"column":6}},"1":{"start":{"line":8,"column":24},"end":{"line":8,"column":40}},"2":{"start":{"line":10,"column":6},"end":{"line":16,"column":null}},"3":{"start":{"line":10,"column":43},"end":{"line":10,"column":70}},"4":{"start":{"line":11,"column":8},"end":{"line":11,"column":22}},"5":{"start":{"line":13,"column":30},"end":{"line":13,"column":55}},"6":{"start":{"line":14,"column":8},"end":{"line":14,"column":27}},"7":{"start":{"line":15,"column":8},"end":{"line":15,"column":20}},"8":{"start":{"line":5,"column":0},"end":{"line":5,"column":13}}},"fnMap":{"0":{"name":"(anonymous_0)","decl":{"start":{"line":6,"column":2},"end":{"line":6,"column":8}},"loc":{"start":{"line":6,"column":44},"end":{"line":18,"column":3}}},"1":{"name":"(anonymous_1)","decl":{"start":{"line":7,"column":11},"end":{"line":7,"column":12}},"loc":{"start":{"line":7,"column":63},"end":{"line":17,"column":5}}},"2":{"name":"(anonymous_2)","decl":{"start":{"line":10,"column":25},"end":{"line":10,"column":26}},"loc":{"start":{"line":10,"column":43},"end":{"line":10,"column":70}}}},"branchMap":{"0":{"loc":{"start":{"line":10,"column":6},"end":{"line":16,"column":null}},"type":"if","locations":[{"start":{"line":10,"column":6},"end":{"line":16,"column":null}},{"start":{"line":12,"column":13},"end":{"line":16,"column":null}}]}},"s":{"0":1,"1":1,"2":1,"3":1,"4":1,"5":0,"6":0,"7":0,"8":1},"f":{"0":1,"1":1,"2":1},"b":{"0":[1,0]}}
,"D:\\Cursos\\NodeJS_Group10\\src\\modules\\auth\\application\\auth.application.ts": {"path":"D:\\Cursos\\NodeJS_Group10\\src\\modules\\auth\\application\\auth.application.ts","statementMap":{"0":{"start":{"line":2,"column":0},"end":{"line":2,"column":87}},"1":{"start":{"line":6,"column":0},"end":{"line":6,"column":45}},"2":{"start":{"line":10,"column":21},"end":{"line":10,"column":51}},"3":{"start":{"line":11,"column":21},"end":{"line":11,"column":51}},"4":{"start":{"line":15,"column":17},"end":{"line":15,"column":56}},"5":{"start":{"line":17,"column":4},"end":{"line":34,"column":null}},"6":{"start":{"line":18,"column":6},"end":{"line":18,"column":40}},"7":{"start":{"line":20,"column":41},"end":{"line":20,"column":45}},"8":{"start":{"line":21,"column":26},"end":{"line":23,"column":null}},"9":{"start":{"line":26,"column":6},"end":{"line":33,"column":null}},"10":{"start":{"line":27,"column":8},"end":{"line":27,"column":44}},"11":{"start":{"line":29,"column":8},"end":{"line":32,"column":10}},"12":{"start":{"line":38,"column":17},"end":{"line":38,"column":78}},"13":{"start":{"line":40,"column":4},"end":{"line":52,"column":null}},"14":{"start":{"line":41,"column":6},"end":{"line":41,"column":40}},"15":{"start":{"line":43,"column":19},"end":{"line":43,"column":28}},"16":{"start":{"line":44,"column":30},"end":{"line":44,"column":64}},"17":{"start":{"line":45,"column":6},"end":{"line":45,"column":80}},"18":{"start":{"line":47,"column":29},"end":{"line":47,"column":66}},"19":{"start":{"line":48,"column":6},"end":{"line":51,"column":8}},"20":{"start":{"line":8,"column":0},"end":{"line":8,"column":13}}},"fnMap":{"0":{"name":"(anonymous_0)","decl":{"start":{"line":9,"column":2},"end":{"line":9,"column":null}},"loc":{"start":{"line":11,"column":51},"end":{"line":12,"column":6}}},"1":{"name":"(anonymous_1)","decl":{"start":{"line":14,"column":2},"end":{"line":14,"column":7}},"loc":{"start":{"line":14,"column":24},"end":{"line":35,"column":3}}},"2":{"name":"(anonymous_2)","decl":{"start":{"line":37,"column":2},"end":{"line":37,"column":7}},"loc":{"start":{"line":37,"column":46},"end":{"line":53,"column":3}}}},"branchMap":{"0":{"loc":{"start":{"line":17,"column":4},"end":{"line":34,"column":null}},"type":"if","locations":[{"start":{"line":17,"column":4},"end":{"line":34,"column":null}},{"start":{"line":19,"column":11},"end":{"line":34,"column":null}}]},"1":{"loc":{"start":{"line":26,"column":6},"end":{"line":33,"column":null}},"type":"if","locations":[{"start":{"line":26,"column":6},"end":{"line":33,"column":null}},{"start":{"line":28,"column":13},"end":{"line":33,"column":null}}]},"2":{"loc":{"start":{"line":40,"column":4},"end":{"line":52,"column":null}},"type":"if","locations":[{"start":{"line":40,"column":4},"end":{"line":52,"column":null}},{"start":{"line":42,"column":11},"end":{"line":52,"column":null}}]}},"s":{"0":1,"1":1,"2":1,"3":1,"4":0,"5":0,"6":0,"7":0,"8":0,"9":0,"10":0,"11":0,"12":0,"13":0,"14":0,"15":0,"16":0,"17":0,"18":0,"19":0,"20":1},"f":{"0":1,"1":0,"2":0},"b":{"0":[0,0],"1":[0,0],"2":[0,0]}}
,"D:\\Cursos\\NodeJS_Group10\\src\\modules\\auth\\application\\auth.service.ts": {"path":"D:\\Cursos\\NodeJS_Group10\\src\\modules\\auth\\application\\auth.service.ts","statementMap":{"0":{"start":{"line":1,"column":0},"end":{"line":1,"column":29}},"1":{"start":{"line":2,"column":0},"end":{"line":2,"column":28}},"2":{"start":{"line":3,"column":0},"end":{"line":3,"column":36}},"3":{"start":{"line":4,"column":0},"end":{"line":4,"column":24}},"4":{"start":{"line":8,"column":12},"end":{"line":8,"column":18}},"5":{"start":{"line":25,"column":0},"end":{"line":25,"column":null}},"6":{"start":{"line":26,"column":2},"end":{"line":26,"column":null}},"7":{"start":{"line":27,"column":2},"end":{"line":27,"column":null}},"8":{"start":{"line":30,"column":0},"end":{"line":30,"column":null}},"9":{"start":{"line":31,"column":2},"end":{"line":31,"column":null}},"10":{"start":{"line":32,"column":2},"end":{"line":32,"column":null}},"11":{"start":{"line":44,"column":38},"end":{"line":44,"column":42}},"12":{"start":{"line":45,"column":30},"end":{"line":53,"column":6}},"13":{"start":{"line":55,"column":4},"end":{"line":55,"column":51}},"14":{"start":{"line":59,"column":4},"end":{"line":59,"column":20}},"15":{"start":{"line":65,"column":4},"end":{"line":65,"column":39}},"16":{"start":{"line":66,"column":4},"end":{"line":87,"column":7}},"17":{"start":{"line":67,"column":6},"end":{"line":86,"column":null}},"18":{"start":{"line":68,"column":24},"end":{"line":68,"column":67}},"19":{"start":{"line":69,"column":8},"end":{"line":69,"column":25}},"20":{"start":{"line":71,"column":8},"end":{"line":71,"column":36}},"21":{"start":{"line":72,"column":8},"end":{"line":85,"column":null}},"22":{"start":{"line":76,"column":10},"end":{"line":79,"column":13}},"23":{"start":{"line":81,"column":10},"end":{"line":84,"column":13}},"24":{"start":{"line":35,"column":0},"end":{"line":35,"column":13}}},"fnMap":{"0":{"name":"(anonymous_1)","decl":{"start":{"line":25,"column":0},"end":{"line":25,"column":12}},"loc":{"start":{"line":25,"column":23},"end":{"line":28,"column":1}}},"1":{"name":"(anonymous_2)","decl":{"start":{"line":30,"column":0},"end":{"line":30,"column":12}},"loc":{"start":{"line":30,"column":31},"end":{"line":33,"column":1}}},"2":{"name":"(anonymous_3)","decl":{"start":{"line":36,"column":2},"end":{"line":36,"column":8}},"loc":{"start":{"line":43,"column":3},"end":{"line":56,"column":3}}},"3":{"name":"(anonymous_4)","decl":{"start":{"line":58,"column":2},"end":{"line":58,"column":8}},"loc":{"start":{"line":58,"column":29},"end":{"line":60,"column":3}}},"4":{"name":"(anonymous_5)","decl":{"start":{"line":62,"column":2},"end":{"line":62,"column":8}},"loc":{"start":{"line":63,"column":23},"end":{"line":88,"column":3}}},"5":{"name":"(anonymous_6)","decl":{"start":{"line":66,"column":23},"end":{"line":66,"column":24}},"loc":{"start":{"line":66,"column":43},"end":{"line":87,"column":5}}}},"branchMap":{"0":{"loc":{"start":{"line":25,"column":12},"end":{"line":25,"column":null}},"type":"binary-expr","locations":[{"start":{"line":25,"column":12},"end":{"line":25,"column":23}},{"start":{"line":25,"column":12},"end":{"line":25,"column":null}}]},"1":{"loc":{"start":{"line":30,"column":12},"end":{"line":30,"column":null}},"type":"binary-expr","locations":[{"start":{"line":30,"column":12},"end":{"line":30,"column":31}},{"start":{"line":30,"column":12},"end":{"line":30,"column":null}}]},"2":{"loc":{"start":{"line":72,"column":8},"end":{"line":85,"column":null}},"type":"if","locations":[{"start":{"line":72,"column":8},"end":{"line":85,"column":null}},{"start":{"line":80,"column":15},"end":{"line":85,"column":null}}]}},"s":{"0":1,"1":1,"2":1,"3":1,"4":1,"5":1,"6":1,"7":1,"8":1,"9":1,"10":1,"11":0,"12":0,"13":0,"14":0,"15":3,"16":3,"17":3,"18":3,"19":1,"20":2,"21":2,"22":1,"23":1,"24":1},"f":{"0":1,"1":1,"2":0,"3":0,"4":3,"5":3},"b":{"0":[1,1],"1":[1,1],"2":[1,1]}}
,"D:\\Cursos\\NodeJS_Group10\\src\\modules\\auth\\domain\\auth.factory.ts": {"path":"D:\\Cursos\\NodeJS_Group10\\src\\modules\\auth\\domain\\auth.factory.ts","statementMap":{"0":{"start":{"line":1,"column":0},"end":{"line":1,"column":46}},"1":{"start":{"line":6,"column":4},"end":{"line":6,"column":36}},"2":{"start":{"line":3,"column":0},"end":{"line":3,"column":13}}},"fnMap":{"0":{"name":"(anonymous_0)","decl":{"start":{"line":4,"column":2},"end":{"line":4,"column":8}},"loc":{"start":{"line":4,"column":46},"end":{"line":7,"column":3}}}},"branchMap":{},"s":{"0":1,"1":0,"2":1},"f":{"0":0},"b":{}}
,"D:\\Cursos\\NodeJS_Group10\\src\\modules\\auth\\domain\\auth.ts": {"path":"D:\\Cursos\\NodeJS_Group10\\src\\modules\\auth\\domain\\auth.ts","statementMap":{"0":{"start":{"line":8,"column":4},"end":{"line":8,"column":40}},"1":{"start":{"line":12,"column":4},"end":{"line":15,"column":6}},"2":{"start":{"line":3,"column":0},"end":{"line":3,"column":13}}},"fnMap":{"0":{"name":"(anonymous_0)","decl":{"start":{"line":7,"column":2},"end":{"line":7,"column":14}},"loc":{"start":{"line":7,"column":44},"end":{"line":9,"column":3}}},"1":{"name":"(anonymous_1)","decl":{"start":{"line":11,"column":2},"end":{"line":11,"column":12}},"loc":{"start":{"line":11,"column":12},"end":{"line":16,"column":3}}}},"branchMap":{},"s":{"0":0,"1":0,"2":1},"f":{"0":0,"1":0},"b":{}}
,"D:\\Cursos\\NodeJS_Group10\\src\\modules\\auth\\infrastructure\\auth.infrastructure.ts": {"path":"D:\\Cursos\\NodeJS_Group10\\src\\modules\\auth\\infrastructure\\auth.infrastructure.ts","statementMap":{"0":{"start":{"line":1,"column":0},"end":{"line":1,"column":70}},"1":{"start":{"line":3,"column":0},"end":{"line":3,"column":67}},"2":{"start":{"line":17,"column":17},"end":{"line":17,"column":71}},"3":{"start":{"line":18,"column":19},"end":{"line":21,"column":6}},"4":{"start":{"line":23,"column":4},"end":{"line":25,"column":null}},"5":{"start":{"line":24,"column":6},"end":{"line":24,"column":18}},"6":{"start":{"line":27,"column":4},"end":{"line":35,"column":6}},"7":{"start":{"line":34,"column":38},"end":{"line":34,"column":45}},"8":{"start":{"line":46,"column":17},"end":{"line":46,"column":71}},"9":{"start":{"line":47,"column":19},"end":{"line":50,"column":6}},"10":{"start":{"line":52,"column":4},"end":{"line":54,"column":null}},"11":{"start":{"line":53,"column":6},"end":{"line":53,"column":18}},"12":{"start":{"line":56,"column":4},"end":{"line":63,"column":6}},"13":{"start":{"line":62,"column":38},"end":{"line":62,"column":45}},"14":{"start":{"line":7,"column":0},"end":{"line":7,"column":13}}},"fnMap":{"0":{"name":"(anonymous_1)","decl":{"start":{"line":8,"column":2},"end":{"line":8,"column":7}},"loc":{"start":{"line":8,"column":50},"end":{"line":36,"column":3}}},"1":{"name":"(anonymous_2)","decl":{"start":{"line":34,"column":30},"end":{"line":34,"column":31}},"loc":{"start":{"line":34,"column":38},"end":{"line":34,"column":45}}},"2":{"name":"(anonymous_3)","decl":{"start":{"line":38,"column":2},"end":{"line":38,"column":7}},"loc":{"start":{"line":38,"column":26},"end":{"line":64,"column":3}}},"3":{"name":"(anonymous_4)","decl":{"start":{"line":62,"column":30},"end":{"line":62,"column":31}},"loc":{"start":{"line":62,"column":38},"end":{"line":62,"column":45}}}},"branchMap":{"0":{"loc":{"start":{"line":23,"column":4},"end":{"line":25,"column":null}},"type":"if","locations":[{"start":{"line":23,"column":4},"end":{"line":25,"column":null}}]},"1":{"loc":{"start":{"line":52,"column":4},"end":{"line":54,"column":null}},"type":"if","locations":[{"start":{"line":52,"column":4},"end":{"line":54,"column":null}}]}},"s":{"0":1,"1":1,"2":0,"3":0,"4":0,"5":0,"6":0,"7":0,"8":0,"9":0,"10":0,"11":0,"12":0,"13":0,"14":1},"f":{"0":0,"1":0,"2":0,"3":0},"b":{"0":[0],"1":[0]}}
,"D:\\Cursos\\NodeJS_Group10\\src\\modules\\auth\\interfaces\\http\\auth.controller.ts": {"path":"D:\\Cursos\\NodeJS_Group10\\src\\modules\\auth\\interfaces\\http\\auth.controller.ts","statementMap":{"0":{"start":{"line":3,"column":0},"end":{"line":3,"column":56}},"1":{"start":{"line":6,"column":22},"end":{"line":6,"column":50}},"2":{"start":{"line":7,"column":4},"end":{"line":7,"column":39}},"3":{"start":{"line":8,"column":4},"end":{"line":8,"column":63}},"4":{"start":{"line":12,"column":32},"end":{"line":12,"column":40}},"5":{"start":{"line":14,"column":17},"end":{"line":14,"column":56}},"6":{"start":{"line":15,"column":23},"end":{"line":15,"column":57}},"7":{"start":{"line":17,"column":4},"end":{"line":17,"column":25}},"8":{"start":{"line":21,"column":29},"end":{"line":21,"column":37}},"9":{"start":{"line":23,"column":23},"end":{"line":23,"column":77}},"10":{"start":{"line":25,"column":4},"end":{"line":25,"column":25}},"11":{"start":{"line":5,"column":0},"end":{"line":5,"column":13}}},"fnMap":{"0":{"name":"(anonymous_0)","decl":{"start":{"line":6,"column":2},"end":{"line":6,"column":22}},"loc":{"start":{"line":6,"column":50},"end":{"line":9,"column":3}}},"1":{"name":"(anonymous_1)","decl":{"start":{"line":11,"column":2},"end":{"line":11,"column":7}},"loc":{"start":{"line":11,"column":41},"end":{"line":18,"column":3}}},"2":{"name":"(anonymous_2)","decl":{"start":{"line":20,"column":2},"end":{"line":20,"column":7}},"loc":{"start":{"line":20,"column":53},"end":{"line":26,"column":3}}}},"branchMap":{},"s":{"0":1,"1":1,"2":1,"3":1,"4":0,"5":0,"6":0,"7":0,"8":0,"9":0,"10":0,"11":1},"f":{"0":1,"1":0,"2":0},"b":{}}
,"D:\\Cursos\\NodeJS_Group10\\src\\modules\\auth\\interfaces\\http\\auth.route.ts": {"path":"D:\\Cursos\\NodeJS_Group10\\src\\modules\\auth\\interfaces\\http\\auth.route.ts","statementMap":{"0":{"start":{"line":1,"column":0},"end":{"line":1,"column":33}},"1":{"start":{"line":2,"column":0},"end":{"line":2,"column":73}},"2":{"start":{"line":4,"column":0},"end":{"line":4,"column":82}},"3":{"start":{"line":5,"column":0},"end":{"line":5,"column":69}},"4":{"start":{"line":7,"column":0},"end":{"line":7,"column":78}},"5":{"start":{"line":8,"column":0},"end":{"line":8,"column":51}},"6":{"start":{"line":10,"column":43},"end":{"line":10,"column":67}},"7":{"start":{"line":11,"column":24},"end":{"line":11,"column":63}},"8":{"start":{"line":12,"column":43},"end":{"line":12,"column":67}},"9":{"start":{"line":13,"column":24},"end":{"line":15,"column":null}},"10":{"start":{"line":18,"column":19},"end":{"line":18,"column":54}},"11":{"start":{"line":24,"column":4},"end":{"line":24,"column":34}},"12":{"start":{"line":25,"column":4},"end":{"line":25,"column":23}},"13":{"start":{"line":29,"column":4},"end":{"line":29,"column":56}},"14":{"start":{"line":30,"column":4},"end":{"line":30,"column":70}},"15":{"start":{"line":34,"column":0},"end":{"line":34,"column":46}}},"fnMap":{"0":{"name":"(anonymous_1)","decl":{"start":{"line":23,"column":2},"end":{"line":23,"column":null}},"loc":{"start":{"line":23,"column":2},"end":{"line":26,"column":3}}},"1":{"name":"(anonymous_2)","decl":{"start":{"line":28,"column":2},"end":{"line":28,"column":13}},"loc":{"start":{"line":28,"column":13},"end":{"line":31,"column":3}}}},"branchMap":{},"s":{"0":1,"1":1,"2":1,"3":1,"4":1,"5":1,"6":1,"7":1,"8":1,"9":1,"10":1,"11":1,"12":1,"13":1,"14":1,"15":1},"f":{"0":1,"1":1},"b":{}}
,"D:\\Cursos\\NodeJS_Group10\\src\\modules\\driver\\application\\driver.application.ts": {"path":"D:\\Cursos\\NodeJS_Group10\\src\\modules\\driver\\application\\driver.application.ts","statementMap":{"0":{"start":{"line":1,"column":0},"end":{"line":1,"column":47}},"1":{"start":{"line":2,"column":0},"end":{"line":2,"column":49}},"2":{"start":{"line":8,"column":31},"end":{"line":8,"column":65}},"3":{"start":{"line":11,"column":4},"end":{"line":11,"column":46}},"4":{"start":{"line":12,"column":4},"end":{"line":12,"column":40}},"5":{"start":{"line":16,"column":29},"end":{"line":23,"column":6}},"6":{"start":{"line":24,"column":4},"end":{"line":24,"column":34}},"7":{"start":{"line":25,"column":4},"end":{"line":25,"column":47}},"8":{"start":{"line":29,"column":4},"end":{"line":29,"column":48}},"9":{"start":{"line":30,"column":4},"end":{"line":30,"column":48}},"10":{"start":{"line":34,"column":4},"end":{"line":34,"column":54}},"11":{"start":{"line":38,"column":4},"end":{"line":38,"column":46}},"12":{"start":{"line":7,"column":0},"end":{"line":7,"column":21}}},"fnMap":{"0":{"name":"(anonymous_0)","decl":{"start":{"line":8,"column":2},"end":{"line":8,"column":31}},"loc":{"start":{"line":8,"column":65},"end":{"line":8,"column":69}}},"1":{"name":"(anonymous_1)","decl":{"start":{"line":10,"column":2},"end":{"line":10,"column":6}},"loc":{"start":{"line":10,"column":6},"end":{"line":13,"column":3}}},"2":{"name":"(anonymous_2)","decl":{"start":{"line":15,"column":2},"end":{"line":15,"column":9}},"loc":{"start":{"line":15,"column":22},"end":{"line":26,"column":3}}},"3":{"name":"(anonymous_3)","decl":{"start":{"line":28,"column":2},"end":{"line":28,"column":8}},"loc":{"start":{"line":28,"column":23},"end":{"line":31,"column":3}}},"4":{"name":"(anonymous_4)","decl":{"start":{"line":33,"column":2},"end":{"line":33,"column":7}},"loc":{"start":{"line":33,"column":58},"end":{"line":35,"column":3}}},"5":{"name":"(anonymous_5)","decl":{"start":{"line":37,"column":2},"end":{"line":37,"column":7}},"loc":{"start":{"line":37,"column":27},"end":{"line":39,"column":3}}}},"branchMap":{},"s":{"0":1,"1":1,"2":1,"3":0,"4":0,"5":0,"6":0,"7":0,"8":0,"9":0,"10":0,"11":0,"12":1},"f":{"0":1,"1":0,"2":0,"3":0,"4":0,"5":0},"b":{}}
,"D:\\Cursos\\NodeJS_Group10\\src\\modules\\driver\\domain\\driver-factory.ts": {"path":"D:\\Cursos\\NodeJS_Group10\\src\\modules\\driver\\domain\\driver-factory.ts","statementMap":{"0":{"start":{"line":1,"column":0},"end":{"line":1,"column":36}},"1":{"start":{"line":2,"column":0},"end":{"line":2,"column":52}},"2":{"start":{"line":4,"column":0},"end":{"line":4,"column":null}},"3":{"start":{"line":10,"column":0},"end":{"line":10,"column":45}},"4":{"start":{"line":28,"column":4},"end":{"line":30,"column":null}},"5":{"start":{"line":29,"column":6},"end":{"line":29,"column":52}},"6":{"start":{"line":32,"column":4},"end":{"line":34,"column":null}},"7":{"start":{"line":33,"column":6},"end":{"line":33,"column":56}},"8":{"start":{"line":36,"column":47},"end":{"line":43,"column":6}},"9":{"start":{"line":45,"column":19},"end":{"line":45,"column":47}},"10":{"start":{"line":46,"column":4},"end":{"line":46,"column":22}},"11":{"start":{"line":20,"column":0},"end":{"line":20,"column":21}}},"fnMap":{"0":{"name":"(anonymous_1)","decl":{"start":{"line":21,"column":2},"end":{"line":21,"column":7}},"loc":{"start":{"line":26,"column":25},"end":{"line":47,"column":3}}}},"branchMap":{"0":{"loc":{"start":{"line":28,"column":4},"end":{"line":30,"column":null}},"type":"if","locations":[{"start":{"line":28,"column":4},"end":{"line":30,"column":null}}]},"1":{"loc":{"start":{"line":28,"column":8},"end":{"line":28,"column":35}},"type":"binary-expr","locations":[{"start":{"line":28,"column":8},"end":{"line":28,"column":13}},{"start":{"line":28,"column":17},"end":{"line":28,"column":35}}]},"2":{"loc":{"start":{"line":32,"column":4},"end":{"line":34,"column":null}},"type":"if","locations":[{"start":{"line":32,"column":4},"end":{"line":34,"column":null}}]},"3":{"loc":{"start":{"line":32,"column":8},"end":{"line":32,"column":43}},"type":"binary-expr","locations":[{"start":{"line":32,"column":8},"end":{"line":32,"column":17}},{"start":{"line":32,"column":21},"end":{"line":32,"column":43}}]}},"s":{"0":1,"1":1,"2":1,"3":1,"4":0,"5":0,"6":0,"7":0,"8":0,"9":0,"10":0,"11":1},"f":{"0":0},"b":{"0":[0],"1":[0,0],"2":[0],"3":[0,0]}}
,"D:\\Cursos\\NodeJS_Group10\\src\\modules\\driver\\domain\\driver.ts": {"path":"D:\\Cursos\\NodeJS_Group10\\src\\modules\\driver\\domain\\driver.ts","statementMap":{"0":{"start":{"line":36,"column":4},"end":{"line":36,"column":23}},"1":{"start":{"line":37,"column":4},"end":{"line":37,"column":42}},"2":{"start":{"line":41,"column":4},"end":{"line":49,"column":6}},"3":{"start":{"line":53,"column":4},"end":{"line":53,"column":32}},"4":{"start":{"line":57,"column":4},"end":{"line":57,"column":24}},"5":{"start":{"line":26,"column":0},"end":{"line":26,"column":21}}},"fnMap":{"0":{"name":"(anonymous_0)","decl":{"start":{"line":35,"column":2},"end":{"line":35,"column":14}},"loc":{"start":{"line":35,"column":48},"end":{"line":38,"column":3}}},"1":{"name":"(anonymous_1)","decl":{"start":{"line":40,"column":2},"end":{"line":40,"column":12}},"loc":{"start":{"line":40,"column":12},"end":{"line":50,"column":3}}},"2":{"name":"(anonymous_2)","decl":{"start":{"line":52,"column":2},"end":{"line":52,"column":8}},"loc":{"start":{"line":52,"column":38},"end":{"line":54,"column":3}}},"3":{"name":"(anonymous_3)","decl":{"start":{"line":56,"column":2},"end":{"line":56,"column":8}},"loc":{"start":{"line":56,"column":8},"end":{"line":58,"column":3}}}},"branchMap":{},"s":{"0":0,"1":0,"2":0,"3":0,"4":0,"5":1},"f":{"0":0,"1":0,"2":0,"3":0},"b":{}}
,"D:\\Cursos\\NodeJS_Group10\\src\\modules\\driver\\domain\\exceptions\\domain.exception.ts": {"path":"D:\\Cursos\\NodeJS_Group10\\src\\modules\\driver\\domain\\exceptions\\domain.exception.ts","statementMap":{"0":{"start":{"line":1,"column":0},"end":{"line":1,"column":null}},"1":{"start":{"line":2,"column":2},"end":{"line":2,"column":null}},"2":{"start":{"line":3,"column":2},"end":{"line":3,"column":null}},"3":{"start":{"line":4,"column":2},"end":{"line":4,"column":null}},"4":{"start":{"line":5,"column":2},"end":{"line":5,"column":null}},"5":{"start":{"line":6,"column":2},"end":{"line":6,"column":null}},"6":{"start":{"line":7,"column":2},"end":{"line":7,"column":null}},"7":{"start":{"line":8,"column":2},"end":{"line":8,"column":null}},"8":{"start":{"line":9,"column":2},"end":{"line":9,"column":null}},"9":{"start":{"line":10,"column":2},"end":{"line":10,"column":null}},"10":{"start":{"line":15,"column":4},"end":{"line":15,"column":19}},"11":{"start":{"line":16,"column":4},"end":{"line":16,"column":59}},"12":{"start":{"line":17,"column":4},"end":{"line":17,"column":61}},"13":{"start":{"line":13,"column":0},"end":{"line":13,"column":22}}},"fnMap":{"0":{"name":"(anonymous_0)","decl":{"start":{"line":1,"column":0},"end":{"line":1,"column":12}},"loc":{"start":{"line":1,"column":31},"end":{"line":11,"column":1}}},"1":{"name":"(anonymous_1)","decl":{"start":{"line":14,"column":2},"end":{"line":14,"column":14}},"loc":{"start":{"line":14,"column":30},"end":{"line":18,"column":3}}}},"branchMap":{"0":{"loc":{"start":{"line":1,"column":12},"end":{"line":1,"column":null}},"type":"binary-expr","locations":[{"start":{"line":1,"column":12},"end":{"line":1,"column":31}},{"start":{"line":1,"column":12},"end":{"line":1,"column":null}}]}},"s":{"0":1,"1":1,"2":1,"3":1,"4":1,"5":1,"6":1,"7":1,"8":1,"9":1,"10":0,"11":0,"12":0,"13":1},"f":{"0":1,"1":0},"b":{"0":[1,1]}}
,"D:\\Cursos\\NodeJS_Group10\\src\\modules\\driver\\domain\\exceptions\\driver.exception.ts": {"path":"D:\\Cursos\\NodeJS_Group10\\src\\modules\\driver\\domain\\exceptions\\driver.exception.ts","statementMap":{"0":{"start":{"line":1,"column":0},"end":{"line":1,"column":74}},"1":{"start":{"line":4,"column":4},"end":{"line":4,"column":52}},"2":{"start":{"line":5,"column":4},"end":{"line":5,"column":57}},"3":{"start":{"line":9,"column":4},"end":{"line":9,"column":30}},"4":{"start":{"line":2,"column":0},"end":{"line":2,"column":13}},"5":{"start":{"line":15,"column":4},"end":{"line":15,"column":52}},"6":{"start":{"line":16,"column":4},"end":{"line":16,"column":57}},"7":{"start":{"line":20,"column":4},"end":{"line":20,"column":30}},"8":{"start":{"line":13,"column":0},"end":{"line":13,"column":13}},"9":{"start":{"line":26,"column":4},"end":{"line":26,"column":53}},"10":{"start":{"line":27,"column":4},"end":{"line":27,"column":58}},"11":{"start":{"line":31,"column":4},"end":{"line":31,"column":31}},"12":{"start":{"line":24,"column":0},"end":{"line":24,"column":13}},"13":{"start":{"line":37,"column":4},"end":{"line":37,"column":52}},"14":{"start":{"line":38,"column":4},"end":{"line":38,"column":57}},"15":{"start":{"line":42,"column":4},"end":{"line":42,"column":30}},"16":{"start":{"line":35,"column":0},"end":{"line":35,"column":13}},"17":{"start":{"line":48,"column":4},"end":{"line":48,"column":56}},"18":{"start":{"line":49,"column":4},"end":{"line":49,"column":61}},"19":{"start":{"line":53,"column":4},"end":{"line":53,"column":33}},"20":{"start":{"line":46,"column":0},"end":{"line":46,"column":13}},"21":{"start":{"line":59,"column":4},"end":{"line":59,"column":69}},"22":{"start":{"line":60,"column":4},"end":{"line":60,"column":67}},"23":{"start":{"line":64,"column":4},"end":{"line":64,"column":100}},"24":{"start":{"line":57,"column":0},"end":{"line":57,"column":13}},"25":{"start":{"line":70,"column":4},"end":{"line":70,"column":51}},"26":{"start":{"line":71,"column":4},"end":{"line":71,"column":70}},"27":{"start":{"line":72,"column":4},"end":{"line":72,"column":56}},"28":{"start":{"line":76,"column":4},"end":{"line":76,"column":29}},"29":{"start":{"line":68,"column":0},"end":{"line":68,"column":13}},"30":{"start":{"line":82,"column":4},"end":{"line":82,"column":48}},"31":{"start":{"line":83,"column":4},"end":{"line":83,"column":53}},"32":{"start":{"line":87,"column":4},"end":{"line":87,"column":30}},"33":{"start":{"line":80,"column":0},"end":{"line":80,"column":13}}},"fnMap":{"0":{"name":"(anonymous_0)","decl":{"start":{"line":3,"column":2},"end":{"line":3,"column":null}},"loc":{"start":{"line":3,"column":2},"end":{"line":6,"column":3}}},"1":{"name":"(anonymous_1)","decl":{"start":{"line":8,"column":2},"end":{"line":8,"column":8}},"loc":{"start":{"line":8,"column":19},"end":{"line":10,"column":3}}},"2":{"name":"(anonymous_2)","decl":{"start":{"line":14,"column":2},"end":{"line":14,"column":null}},"loc":{"start":{"line":14,"column":2},"end":{"line":17,"column":3}}},"3":{"name":"(anonymous_3)","decl":{"start":{"line":19,"column":2},"end":{"line":19,"column":8}},"loc":{"start":{"line":19,"column":19},"end":{"line":21,"column":3}}},"4":{"name":"(anonymous_4)","decl":{"start":{"line":25,"column":2},"end":{"line":25,"column":null}},"loc":{"start":{"line":25,"column":2},"end":{"line":28,"column":3}}},"5":{"name":"(anonymous_5)","decl":{"start":{"line":30,"column":2},"end":{"line":30,"column":8}},"loc":{"start":{"line":30,"column":19},"end":{"line":32,"column":3}}},"6":{"name":"(anonymous_6)","decl":{"start":{"line":36,"column":2},"end":{"line":36,"column":null}},"loc":{"start":{"line":36,"column":2},"end":{"line":39,"column":3}}},"7":{"name":"(anonymous_7)","decl":{"start":{"line":41,"column":2},"end":{"line":41,"column":8}},"loc":{"start":{"line":41,"column":19},"end":{"line":43,"column":3}}},"8":{"name":"(anonymous_8)","decl":{"start":{"line":47,"column":2},"end":{"line":47,"column":null}},"loc":{"start":{"line":47,"column":2},"end":{"line":50,"column":3}}},"9":{"name":"(anonymous_9)","decl":{"start":{"line":52,"column":2},"end":{"line":52,"column":8}},"loc":{"start":{"line":52,"column":19},"end":{"line":54,"column":3}}},"10":{"name":"(anonymous_10)","decl":{"start":{"line":58,"column":2},"end":{"line":58,"column":14}},"loc":{"start":{"line":58,"column":30},"end":{"line":61,"column":3}}},"11":{"name":"(anonymous_11)","decl":{"start":{"line":63,"column":2},"end":{"line":63,"column":8}},"loc":{"start":{"line":63,"column":36},"end":{"line":65,"column":3}}},"12":{"name":"(anonymous_12)","decl":{"start":{"line":69,"column":2},"end":{"line":69,"column":null}},"loc":{"start":{"line":69,"column":2},"end":{"line":73,"column":3}}},"13":{"name":"(anonymous_13)","decl":{"start":{"line":75,"column":2},"end":{"line":75,"column":8}},"loc":{"start":{"line":75,"column":19},"end":{"line":77,"column":3}}},"14":{"name":"(anonymous_14)","decl":{"start":{"line":81,"column":2},"end":{"line":81,"column":null}},"loc":{"start":{"line":81,"column":2},"end":{"line":84,"column":3}}},"15":{"name":"(anonymous_15)","decl":{"start":{"line":86,"column":2},"end":{"line":86,"column":8}},"loc":{"start":{"line":86,"column":19},"end":{"line":88,"column":3}}}},"branchMap":{},"s":{"0":1,"1":0,"2":0,"3":0,"4":1,"5":0,"6":0,"7":0,"8":1,"9":0,"10":0,"11":0,"12":1,"13":0,"14":0,"15":0,"16":1,"17":0,"18":0,"19":0,"20":1,"21":0,"22":0,"23":0,"24":1,"25":0,"26":0,"27":0,"28":0,"29":1,"30":0,"31":0,"32":0,"33":1},"f":{"0":0,"1":0,"2":0,"3":0,"4":0,"5":0,"6":0,"7":0,"8":0,"9":0,"10":0,"11":0,"12":0,"13":0,"14":0,"15":0},"b":{}}
,"D:\\Cursos\\NodeJS_Group10\\src\\modules\\driver\\domain\\value-objects\\email.vo.ts": {"path":"D:\\Cursos\\NodeJS_Group10\\src\\modules\\driver\\domain\\value-objects\\email.vo.ts","statementMap":{"0":{"start":{"line":1,"column":0},"end":{"line":1,"column":41}},"1":{"start":{"line":2,"column":0},"end":{"line":2,"column":77}},"2":{"start":{"line":3,"column":0},"end":{"line":3,"column":45}},"3":{"start":{"line":13,"column":4},"end":{"line":13,"column":17}},"4":{"start":{"line":17,"column":4},"end":{"line":19,"column":null}},"5":{"start":{"line":18,"column":6},"end":{"line":18,"column":52}},"6":{"start":{"line":21,"column":4},"end":{"line":21,"column":45}},"7":{"start":{"line":25,"column":4},"end":{"line":25,"column":28}},"8":{"start":{"line":11,"column":0},"end":{"line":11,"column":13}}},"fnMap":{"0":{"name":"(anonymous_0)","decl":{"start":{"line":12,"column":2},"end":{"line":12,"column":22}},"loc":{"start":{"line":12,"column":39},"end":{"line":14,"column":3}}},"1":{"name":"(anonymous_1)","decl":{"start":{"line":16,"column":2},"end":{"line":16,"column":8}},"loc":{"start":{"line":16,"column":29},"end":{"line":22,"column":3}}},"2":{"name":"(anonymous_2)","decl":{"start":{"line":24,"column":2},"end":{"line":24,"column":6}},"loc":{"start":{"line":24,"column":11},"end":{"line":26,"column":3}}}},"branchMap":{"0":{"loc":{"start":{"line":17,"column":4},"end":{"line":19,"column":null}},"type":"if","locations":[{"start":{"line":17,"column":4},"end":{"line":19,"column":null}}]}},"s":{"0":1,"1":1,"2":1,"3":0,"4":0,"5":0,"6":0,"7":0,"8":1},"f":{"0":0,"1":0,"2":0},"b":{"0":[0]}}
,"D:\\Cursos\\NodeJS_Group10\\src\\modules\\driver\\domain\\value-objects\\guid.vo.ts": {"path":"D:\\Cursos\\NodeJS_Group10\\src\\modules\\driver\\domain\\value-objects\\guid.vo.ts","statementMap":{"0":{"start":{"line":1,"column":0},"end":{"line":1,"column":48}},"1":{"start":{"line":2,"column":0},"end":{"line":2,"column":76}},"2":{"start":{"line":3,"column":0},"end":{"line":3,"column":41}},"3":{"start":{"line":4,"column":0},"end":{"line":4,"column":45}},"4":{"start":{"line":15,"column":4},"end":{"line":15,"column":17}},"5":{"start":{"line":19,"column":4},"end":{"line":21,"column":null}},"6":{"start":{"line":20,"column":6},"end":{"line":20,"column":51}},"7":{"start":{"line":23,"column":4},"end":{"line":23,"column":43}},"8":{"start":{"line":27,"column":4},"end":{"line":27,"column":28}},"9":{"start":{"line":13,"column":0},"end":{"line":13,"column":13}}},"fnMap":{"0":{"name":"(anonymous_0)","decl":{"start":{"line":14,"column":2},"end":{"line":14,"column":22}},"loc":{"start":{"line":14,"column":38},"end":{"line":16,"column":3}}},"1":{"name":"(anonymous_1)","decl":{"start":{"line":18,"column":2},"end":{"line":18,"column":8}},"loc":{"start":{"line":18,"column":28},"end":{"line":24,"column":3}}},"2":{"name":"(anonymous_2)","decl":{"start":{"line":26,"column":2},"end":{"line":26,"column":6}},"loc":{"start":{"line":26,"column":11},"end":{"line":28,"column":3}}}},"branchMap":{"0":{"loc":{"start":{"line":19,"column":4},"end":{"line":21,"column":null}},"type":"if","locations":[{"start":{"line":19,"column":4},"end":{"line":21,"column":null}}]}},"s":{"0":1,"1":1,"2":1,"3":1,"4":0,"5":0,"6":0,"7":0,"8":0,"9":1},"f":{"0":0,"1":0,"2":0},"b":{"0":[0]}}
,"D:\\Cursos\\NodeJS_Group10\\src\\modules\\driver\\domain\\value-objects\\vo.class.ts": {"path":"D:\\Cursos\\NodeJS_Group10\\src\\modules\\driver\\domain\\value-objects\\vo.class.ts","statementMap":{"0":{"start":{"line":5,"column":4},"end":{"line":5,"column":38}},"1":{"start":{"line":1,"column":0},"end":{"line":1,"column":22}}},"fnMap":{"0":{"name":"(anonymous_0)","decl":{"start":{"line":4,"column":2},"end":{"line":4,"column":14}},"loc":{"start":{"line":4,"column":26},"end":{"line":6,"column":3}}}},"branchMap":{},"s":{"0":0,"1":1},"f":{"0":0},"b":{}}
,"D:\\Cursos\\NodeJS_Group10\\src\\modules\\driver\\infrastructure\\driver.infrastructure.ts": {"path":"D:\\Cursos\\NodeJS_Group10\\src\\modules\\driver\\infrastructure\\driver.infrastructure.ts","statementMap":{"0":{"start":{"line":1,"column":0},"end":{"line":1,"column":74}},"1":{"start":{"line":3,"column":0},"end":{"line":3,"column":59}},"2":{"start":{"line":4,"column":0},"end":{"line":4,"column":47}},"3":{"start":{"line":5,"column":0},"end":{"line":5,"column":70}},"4":{"start":{"line":6,"column":0},"end":{"line":6,"column":45}},"5":{"start":{"line":7,"column":0},"end":{"line":7,"column":null}},"6":{"start":{"line":11,"column":0},"end":{"line":11,"column":72}},"7":{"start":{"line":18,"column":4},"end":{"line":18,"column":30}},"8":{"start":{"line":19,"column":17},"end":{"line":19,"column":73}},"9":{"start":{"line":21,"column":19},"end":{"line":21,"column":63}},"10":{"start":{"line":22,"column":4},"end":{"line":37,"column":7}},"11":{"start":{"line":23,"column":26},"end":{"line":23,"column":50}},"12":{"start":{"line":24,"column":6},"end":{"line":26,"column":null}},"13":{"start":{"line":25,"column":8},"end":{"line":25,"column":48}},"14":{"start":{"line":28,"column":6},"end":{"line":36,"column":9}},"15":{"start":{"line":44,"column":17},"end":{"line":44,"column":73}},"16":{"start":{"line":46,"column":19},"end":{"line":46,"column":58}},"17":{"start":{"line":47,"column":24},"end":{"line":47,"column":52}},"18":{"start":{"line":49,"column":4},"end":{"line":53,"column":null}},"19":{"start":{"line":50,"column":6},"end":{"line":50,"column":52}},"20":{"start":{"line":52,"column":6},"end":{"line":52,"column":52}},"21":{"start":{"line":85,"column":25},"end":{"line":85,"column":43}},"22":{"start":{"line":88,"column":6},"end":{"line":88,"column":25}},"23":{"start":{"line":89,"column":4},"end":{"line":97,"column":7}},"24":{"start":{"line":99,"column":4},"end":{"line":106,"column":null}},"25":{"start":{"line":100,"column":6},"end":{"line":102,"column":28}},"26":{"start":{"line":103,"column":6},"end":{"line":103,"column":24}},"27":{"start":{"line":105,"column":6},"end":{"line":105,"column":64}},"28":{"start":{"line":112,"column":17},"end":{"line":112,"column":73}},"29":{"start":{"line":114,"column":24},"end":{"line":116,"column":6}},"30":{"start":{"line":118,"column":4},"end":{"line":140,"column":null}},"31":{"start":{"line":119,"column":6},"end":{"line":119,"column":41}},"32":{"start":{"line":120,"column":27},"end":{"line":120,"column":55}},"33":{"start":{"line":121,"column":26},"end":{"line":121,"column":60}},"34":{"start":{"line":123,"column":6},"end":{"line":125,"column":null}},"35":{"start":{"line":124,"column":8},"end":{"line":124,"column":54}},"36":{"start":{"line":127,"column":6},"end":{"line":137,"column":8}},"37":{"start":{"line":139,"column":6},"end":{"line":139,"column":48}},"38":{"start":{"line":148,"column":17},"end":{"line":148,"column":73}},"39":{"start":{"line":150,"column":24},"end":{"line":152,"column":6}},"40":{"start":{"line":154,"column":4},"end":{"line":176,"column":null}},"41":{"start":{"line":155,"column":6},"end":{"line":155,"column":33}},"42":{"start":{"line":156,"column":27},"end":{"line":156,"column":55}},"43":{"start":{"line":157,"column":26},"end":{"line":157,"column":60}},"44":{"start":{"line":159,"column":6},"end":{"line":161,"column":null}},"45":{"start":{"line":160,"column":8},"end":{"line":160,"column":54}},"46":{"start":{"line":163,"column":6},"end":{"line":173,"column":8}},"47":{"start":{"line":175,"column":6},"end":{"line":175,"column":48}},"48":{"start":{"line":16,"column":0},"end":{"line":16,"column":21}}},"fnMap":{"0":{"name":"(anonymous_1)","decl":{"start":{"line":17,"column":2},"end":{"line":17,"column":7}},"loc":{"start":{"line":17,"column":12},"end":{"line":38,"column":3}}},"1":{"name":"(anonymous_2)","decl":{"start":{"line":22,"column":22},"end":{"line":22,"column":23}},"loc":{"start":{"line":22,"column":43},"end":{"line":37,"column":5}}},"2":{"name":"(anonymous_3)","decl":{"start":{"line":39,"column":2},"end":{"line":39,"column":7}},"loc":{"start":{"line":40,"column":16},"end":{"line":80,"column":3}}},"3":{"name":"(anonymous_4)","decl":{"start":{"line":82,"column":2},"end":{"line":82,"column":7}},"loc":{"start":{"line":83,"column":18},"end":{"line":107,"column":3}}},"4":{"name":"(anonymous_5)","decl":{"start":{"line":108,"column":2},"end":{"line":108,"column":7}},"loc":{"start":{"line":110,"column":33},"end":{"line":141,"column":3}}},"5":{"name":"(anonymous_6)","decl":{"start":{"line":143,"column":2},"end":{"line":143,"column":7}},"loc":{"start":{"line":144,"column":16},"end":{"line":177,"column":3}}}},"branchMap":{"0":{"loc":{"start":{"line":24,"column":6},"end":{"line":26,"column":null}},"type":"if","locations":[{"start":{"line":24,"column":6},"end":{"line":26,"column":null}}]},"1":{"loc":{"start":{"line":49,"column":4},"end":{"line":53,"column":null}},"type":"if","locations":[{"start":{"line":49,"column":4},"end":{"line":53,"column":null}},{"start":{"line":51,"column":11},"end":{"line":53,"column":null}
[...]
"column":22},"end":{"line":147,"column":6}},"41":{"start":{"line":149,"column":4},"end":{"line":172,"column":null}},"42":{"start":{"line":150,"column":6},"end":{"line":150,"column":31}},"43":{"start":{"line":151,"column":25},"end":{"line":151,"column":51}},"44":{"start":{"line":152,"column":26},"end":{"line":152,"column":58}},"45":{"start":{"line":154,"column":6},"end":{"line":156,"column":null}},"46":{"start":{"line":155,"column":8},"end":{"line":155,"column":52}},"47":{"start":{"line":158,"column":6},"end":{"line":169,"column":8}},"48":{"start":{"line":171,"column":6},"end":{"line":171,"column":46}},"49":{"start":{"line":12,"column":0},"end":{"line":12,"column":21}}},"fnMap":{"0":{"name":"(anonymous_1)","decl":{"start":{"line":13,"column":2},"end":{"line":13,"column":7}},"loc":{"start":{"line":13,"column":12},"end":{"line":37,"column":3}}},"1":{"name":"(anonymous_2)","decl":{"start":{"line":20,"column":22},"end":{"line":20,"column":23}},"loc":{"start":{"line":20,"column":41},"end":{"line":36,"column":5}}},"2":{"name":"(anonymous_3)","decl":{"start":{"line":38,"column":2},"end":{"line":38,"column":7}},"loc":{"start":{"line":39,"column":16},"end":{"line":69,"column":3}}},"3":{"name":"(anonymous_4)","decl":{"start":{"line":71,"column":2},"end":{"line":71,"column":7}},"loc":{"start":{"line":71,"column":25},"end":{"line":103,"column":3}}},"4":{"name":"(anonymous_5)","decl":{"start":{"line":104,"column":2},"end":{"line":104,"column":7}},"loc":{"start":{"line":106,"column":29},"end":{"line":138,"column":3}}},"5":{"name":"(anonymous_6)","decl":{"start":{"line":140,"column":2},"end":{"line":140,"column":7}},"loc":{"start":{"line":141,"column":16},"end":{"line":173,"column":3}}}},"branchMap":{"0":{"loc":{"start":{"line":22,"column":6},"end":{"line":24,"column":null}},"type":"if","locations":[{"start":{"line":22,"column":6},"end":{"line":24,"column":null}}]},"1":{"loc":{"start":{"line":49,"column":4},"end":{"line":51,"column":null}},"type":"if","locations":[{"start":{"line":49,"column":4},"end":{"line":51,"column":null}}]},"2":{"loc":{"start":{"line":53,"column":4},"end":{"line":68,"column":null}},"type":"if","locations":[{"start":{"line":53,"column":4},"end":{"line":68,"column":null}},{"start":{"line":55,"column":11},"end":{"line":68,"column":null}}]},"3":{"loc":{"start":{"line":114,"column":4},"end":{"line":137,"column":null}},"type":"if","locations":[{"start":{"line":114,"column":4},"end":{"line":137,"column":null}},{"start":{"line":135,"column":11},"end":{"line":137,"column":null}}]},"4":{"loc":{"start":{"line":119,"column":6},"end":{"line":121,"column":null}},"type":"if","locations":[{"start":{"line":119,"column":6},"end":{"line":121,"column":null}}]},"5":{"loc":{"start":{"line":149,"column":4},"end":{"line":172,"column":null}},"type":"if","locations":[{"start":{"line":149,"column":4},"end":{"line":172,"column":null}},{"start":{"line":170,"column":11},"end":{"line":172,"column":null}}]},"6":{"loc":{"start":{"line":154,"column":6},"end":{"line":156,"column":null}},"type":"if","locations":[{"start":{"line":154,"column":6},"end":{"line":156,"column":null}}]}},"s":{"0":2,"1":2,"2":2,"3":2,"4":2,"5":2,"6":2,"7":2,"8":1,"9":1,"10":1,"11":1,"12":1,"13":0,"14":1,"15":0,"16":0,"17":0,"18":0,"19":0,"20":0,"21":0,"22":0,"23":0,"24":0,"25":0,"26":0,"27":0,"28":0,"29":0,"30":0,"31":0,"32":0,"33":0,"34":0,"35":0,"36":0,"37":0,"38":0,"39":0,"40":0,"41":0,"42":0,"43":0,"44":0,"45":0,"46":0,"47":0,"48":0,"49":2},"f":{"0":1,"1":1,"2":0,"3":0,"4":0,"5":0},"b":{"0":[0],"1":[0],"2":[0,0],"3":[0,0],"4":[0],"5":[0,0],"6":[0]}}
,"D:\\Cursos\\NodeJS_Group10\\src\\modules\\user\\interfaces\\http\\controller.ts": {"path":"D:\\Cursos\\NodeJS_Group10\\src\\modules\\user\\interfaces\\http\\controller.ts","statementMap":{"0":{"start":{"line":5,"column":0},"end":{"line":5,"column":52}},"1":{"start":{"line":6,"column":0},"end":{"line":6,"column":62}},"2":{"start":{"line":7,"column":0},"end":{"line":7,"column":60}},"3":{"start":{"line":8,"column":0},"end":{"line":8,"column":67}},"4":{"start":{"line":9,"column":0},"end":{"line":9,"column":67}},"5":{"start":{"line":10,"column":0},"end":{"line":10,"column":70}},"6":{"start":{"line":11,"column":0},"end":{"line":11,"column":76}},"7":{"start":{"line":14,"column":22},"end":{"line":14,"column":50}},"8":{"start":{"line":15,"column":4},"end":{"line":15,"column":37}},"9":{"start":{"line":16,"column":4},"end":{"line":16,"column":43}},"10":{"start":{"line":17,"column":4},"end":{"line":17,"column":41}},"11":{"start":{"line":18,"column":4},"end":{"line":18,"column":41}},"12":{"start":{"line":19,"column":4},"end":{"line":19,"column":41}},"13":{"start":{"line":23,"column":17},"end":{"line":23,"column":46}},"14":{"start":{"line":24,"column":32},"end":{"line":25,"column":null}},"15":{"start":{"line":25,"column":25},"end":{"line":25,"column":42}},"16":{"start":{"line":27,"column":4},"end":{"line":27,"column":21}},"17":{"start":{"line":31,"column":21},"end":{"line":31,"column":31}},"18":{"start":{"line":33,"column":23},"end":{"line":33,"column":42}},"19":{"start":{"line":34,"column":4},"end":{"line":38,"column":null}},"20":{"start":{"line":35,"column":26},"end":{"line":35,"column":61}},"21":{"start":{"line":36,"column":6},"end":{"line":36,"column":23}},"22":{"start":{"line":37,"column":6},"end":{"line":37,"column":23}},"23":{"start":{"line":40,"column":23},"end":{"line":40,"column":59}},"24":{"start":{"line":42,"column":4},"end":{"line":49,"column":null}},"25":{"start":{"line":43,"column":6},"end":{"line":43,"column":60}},"26":{"start":{"line":44,"column":11},"end":{"line":49,"column":null}},"27":{"start":{"line":45,"column":21},"end":{"line":46,"column":null}},"28":{"start":{"line":48,"column":6},"end":{"line":48,"column":30}},"29":{"start":{"line":53,"column":55},"end":{"line":53,"column":63}},"30":{"start":{"line":55,"column":24},"end":{"line":55,"column":45}},"31":{"start":{"line":56,"column":4},"end":{"line":60,"column":null}},"32":{"start":{"line":57,"column":26},"end":{"line":57,"column":62}},"33":{"start":{"line":58,"column":6},"end":{"line":58,"column":23}},"34":{"start":{"line":59,"column":6},"end":{"line":59,"column":23}},"35":{"start":{"line":62,"column":23},"end":{"line":67,"column":null}},"36":{"start":{"line":70,"column":4},"end":{"line":78,"column":null}},"37":{"start":{"line":71,"column":26},"end":{"line":71,"column":61}},"38":{"start":{"line":72,"column":6},"end":{"line":72,"column":23}},"39":{"start":{"line":73,"column":6},"end":{"line":73,"column":23}},"40":{"start":{"line":75,"column":19},"end":{"line":75,"column":66}},"41":{"start":{"line":76,"column":21},"end":{"line":76,"column":71}},"42":{"start":{"line":77,"column":6},"end":{"line":77,"column":23}},"43":{"start":{"line":82,"column":21},"end":{"line":82,"column":31}},"44":{"start":{"line":83,"column":27},"end":{"line":83,"column":35}},"45":{"start":{"line":85,"column":23},"end":{"line":85,"column":42}},"46":{"start":{"line":86,"column":4},"end":{"line":90,"column":null}},"47":{"start":{"line":87,"column":26},"end":{"line":87,"column":61}},"48":{"start":{"line":88,"column":6},"end":{"line":88,"column":23}},"49":{"start":{"line":89,"column":6},"end":{"line":89,"column":23}},"50":{"start":{"line":92,"column":23},"end":{"line":92,"column":74}},"51":{"start":{"line":93,"column":4},"end":{"line":102,"column":null}},"52":{"start":{"line":94,"column":26},"end":{"line":94,"column":61}},"53":{"start":{"line":95,"column":6},"end":{"line":95,"column":23}},"54":{"start":{"line":96,"column":6},"end":{"line":96,"column":23}},"55":{"start":{"line":98,"column":21},"end":{"line":99,"column":null}},"56":{"start":{"line":101,"column":6},"end":{"line":101,"column":23}},"57":{"start":{"line":106,"column":21},"end":{"line":106,"column":31}},"58":{"start":{"line":108,"column":23},"end":{"line":108,"column":42}},"59":{"start":{"line":109,"column":4},"end":{"line":113,"column":null}},"60":{"start":{"line":110,"column":26},"end":{"line":110,"column":61}},"61":{"start":{"line":111,"column":6},"end":{"line":111,"column":23}},"62":{"start":{"line":112,"column":6},"end":{"line":112,"column":23}},"63":{"start":{"line":115,"column":23},"end":{"line":115,"column":58}},"64":{"start":{"line":116,"column":4},"end":{"line":125,"column":null}},"65":{"start":{"line":117,"column":26},"end":{"line":117,"column":61}},"66":{"start":{"line":118,"column":6},"end":{"line":118,"column":23}},"67":{"start":{"line":119,"column":6},"end":{"line":119,"column":23}},"68":{"start":{"line":121,"column":21},"end":{"line":122,"column":null}},"69":{"start":{"line":124,"column":6},"end":{"line":124,"column":23}},"70":{"start":{"line":13,"column":0},"end":{"line":13,"column":null}}},"fnMap":{"0":{"name":"(anonymous_1)","decl":{"start":{"line":14,"column":2},"end":{"line":14,"column":22}},"loc":{"start":{"line":14,"column":50},"end":{"line":20,"column":3}}},"1":{"name":"(anonymous_2)","decl":{"start":{"line":22,"column":2},"end":{"line":22,"column":7}},"loc":{"start":{"line":22,"column":40},"end":{"line":28,"column":3}}},"2":{"name":"(anonymous_3)","decl":{"start":{"line":25,"column":15},"end":{"line":25,"column":16}},"loc":{"start":{"line":25,"column":25},"end":{"line":25,"column":42}}},"3":{"name":"(anonymous_4)","decl":{"start":{"line":30,"column":2},"end":{"line":30,"column":7}},"loc":{"start":{"line":30,"column":63},"end":{"line":50,"column":3}}},"4":{"name":"(anonymous_5)","decl":{"start":{"line":52,"column":2},"end":{"line":52,"column":7}},"loc":{"start":{"line":52,"column":62},"end":{"line":79,"column":3}}},"5":{"name":"(anonymous_6)","decl":{"start":{"line":81,"column":2},"end":{"line":81,"column":7}},"loc":{"start":{"line":81,"column":62},"end":{"line":103,"column":3}}},"6":{"name":"(anonymous_7)","decl":{"start":{"line":105,"column":2},"end":{"line":105,"column":7}},"loc":{"start":{"line":105,"column":62},"end":{"line":126,"column":3}}}},"branchMap":{"0":{"loc":{"start":{"line":34,"column":4},"end":{"line":38,"column":null}},"type":"if","locations":[{"start":{"line":34,"column":4},"end":{"line":38,"column":null}}]},"1":{"loc":{"start":{"line":42,"column":4},"end":{"line":49,"column":null}},"type":"if","locations":[{"start":{"line":42,"column":4},"end":{"line":49,"column":null}},{"start":{"line":44,"column":11},"end":{"line":49,"column":null}}]},"2":{"loc":{"start":{"line":44,"column":11},"end":{"line":49,"column":null}},"type":"if","locations":[{"start":{"line":44,"column":11},"end":{"line":49,"column":null}}]},"3":{"loc":{"start":{"line":56,"column":4},"end":{"line":60,"column":null}},"type":"if","locations":[{"start":{"line":56,"column":4},"end":{"line":60,"column":null}}]},"4":{"loc":{"start":{"line":70,"column":4},"end":{"line":78,"column":null}},"type":"if","locations":[{"start":{"line":70,"column":4},"end":{"line":78,"column":null}},{"start":{"line":74,"column":11},"end":{"line":78,"column":null}}]},"5":{"loc":{"start":{"line":86,"column":4},"end":{"line":90,"column":null}},"type":"if","locations":[{"start":{"line":86,"column":4},"end":{"line":90,"column":null}}]},"6":{"loc":{"start":{"line":93,"column":4},"end":{"line":102,"column":null}},"type":"if","locations":[{"start":{"line":93,"column":4},"end":{"line":102,"column":null}},{"start":{"line":97,"column":11},"end":{"line":102,"column":null}}]},"7":{"loc":{"start":{"line":109,"column":4},"end":{"line":113,"column":null}},"type":"if","locations":[{"start":{"line":109,"column":4},"end":{"line":113,"column":null}}]},"8":{"loc":{"start":{"line":116,"column":4},"end":{"line":125,"column":null}},"type":"if","locations":[{"start":{"line":116,"column":4},"end":{"line":125,"column":null}},{"start":{"line":120,"column":11},"end":{"line":125,"column":null}}]}},"s":{"0":2,"1":2,"2":2,"3":2,"4":2,"5":2,"6":2,"7":2,"8":2,"9":2,"10":2,"11":2,"12":2,"13":2,"14":2,"15":3,"16":2,"17":1,"18":1,"19":1,"20":0,"21":0,"22":0,"23":1,"24":1,"25":0,"26":1,"27":1,"28":1,"29":0,"30":0,"31":0,"32":0,"33":0,"34":0,"35":0,"36":0,"37":0,"38":0,"39":0,"40":0,"41":0,"42":0,"43":0,"44":0,"45":0,"46":0,"47":0,"48":0,"49":0,"50":0,"51":0,"52":0,"53":0,"54":0,"55":0,"56":0,"57":0,"58":0,"59":0,"60":0,"61":0,"62":0,"63":0,"64":0,"65":0,"66":0,"67":0,"68":0,"69":0,"70":2},"f":{"0":2,"1":2,"2":3,"3":1,"4":0,"5":0,"6":0},"b":{"0":[0],"1":[0,1],"2":[1],"3":[0],"4":[0,0],"5":[0],"6":[0,0],"7":[0],"8":[0,0]}}
,"D:\\Cursos\\NodeJS_Group10\\src\\modules\\user\\interfaces\\http\\router.ts": {"path":"D:\\Cursos\\NodeJS_Group10\\src\\modules\\user\\interfaces\\http\\router.ts","statementMap":{"0":{"start":{"line":1,"column":0},"end":{"line":1,"column":33}},"1":{"start":{"line":3,"column":0},"end":{"line":3,"column":65}},"2":{"start":{"line":5,"column":0},"end":{"line":5,"column":74}},"3":{"start":{"line":6,"column":0},"end":{"line":6,"column":38}},"4":{"start":{"line":7,"column":0},"end":{"line":7,"column":66}},"5":{"start":{"line":9,"column":39},"end":{"line":9,"column":63}},"6":{"start":{"line":10,"column":20},"end":{"line":10,"column":55}},"7":{"start":{"line":11,"column":19},"end":{"line":11,"column":46}},"8":{"start":{"line":17,"column":4},"end":{"line":17,"column":34}},"9":{"start":{"line":18,"column":4},"end":{"line":18,"column":23}},"10":{"start":{"line":22,"column":4},"end":{"line":22,"column":49}},"11":{"start":{"line":23,"column":4},"end":{"line":23,"column":79}},"12":{"start":{"line":24,"column":4},"end":{"line":24,"column":52}},"13":{"start":{"line":25,"column":4},"end":{"line":25,"column":56}},"14":{"start":{"line":26,"column":4},"end":{"line":26,"column":59}},"15":{"start":{"line":30,"column":0},"end":{"line":30,"column":46}}},"fnMap":{"0":{"name":"(anonymous_1)","decl":{"start":{"line":16,"column":2},"end":{"line":16,"column":null}},"loc":{"start":{"line":16,"column":2},"end":{"line":19,"column":3}}},"1":{"name":"(anonymous_2)","decl":{"start":{"line":21,"column":2},"end":{"line":21,"column":13}},"loc":{"start":{"line":21,"column":13},"end":{"line":27,"column":3}}}},"branchMap":{},"s":{"0":1,"1":1,"2":1,"3":1,"4":1,"5":1,"6":1,"7":1,"8":1,"9":1,"10":1,"11":1,"12":1,"13":1,"14":1,"15":1},"f":{"0":1,"1":1},"b":{}}
,"D:\\Cursos\\NodeJS_Group10\\src\\modules\\user\\interfaces\\http\\dto\\response\\dto.interface.ts": {"path":"D:\\Cursos\\NodeJS_Group10\\src\\modules\\user\\interfaces\\http\\dto\\response\\dto.interface.ts","statementMap":{"0":{"start":{"line":5,"column":0},"end":{"line":5,"column":22}}},"fnMap":{},"branchMap":{},"s":{"0":2},"f":{},"b":{}}
,"D:\\Cursos\\NodeJS_Group10\\src\\modules\\user\\interfaces\\http\\dto\\response\\user-delete.dto.ts": {"path":"D:\\Cursos\\NodeJS_Group10\\src\\modules\\user\\interfaces\\http\\dto\\response\\user-delete.dto.ts","statementMap":{"0":{"start":{"line":2,"column":0},"end":{"line":2,"column":38}},"1":{"start":{"line":15,"column":4},"end":{"line":20,"column":6}},"2":{"start":{"line":13,"column":0},"end":{"line":13,"column":13}}},"fnMap":{"0":{"name":"(anonymous_0)","decl":{"start":{"line":14,"column":2},"end":{"line":14,"column":9}},"loc":{"start":{"line":14,"column":30},"end":{"line":21,"column":3}}}},"branchMap":{},"s":{"0":2,"1":0,"2":2},"f":{"0":0},"b":{}}
,"D:\\Cursos\\NodeJS_Group10\\src\\modules\\user\\interfaces\\http\\dto\\response\\user-insert.dto.ts": {"path":"D:\\Cursos\\NodeJS_Group10\\src\\modules\\user\\interfaces\\http\\dto\\response\\user-insert.dto.ts","statementMap":{"0":{"start":{"line":2,"column":0},"end":{"line":2,"column":38}},"1":{"start":{"line":15,"column":4},"end":{"line":20,"column":6}},"2":{"start":{"line":13,"column":0},"end":{"line":13,"column":13}}},"fnMap":{"0":{"name":"(anonymous_0)","decl":{"start":{"line":14,"column":2},"end":{"line":14,"column":9}},"loc":{"start":{"line":14,"column":30},"end":{"line":21,"column":3}}}},"branchMap":{},"s":{"0":2,"1":0,"2":2},"f":{"0":0},"b":{}}
,"D:\\Cursos\\NodeJS_Group10\\src\\modules\\user\\interfaces\\http\\dto\\response\\user-list-one.dto.ts": {"path":"D:\\Cursos\\NodeJS_Group10\\src\\modules\\user\\interfaces\\http\\dto\\response\\user-list-one.dto.ts","statementMap":{"0":{"start":{"line":3,"column":0},"end":{"line":3,"column":38}},"1":{"start":{"line":17,"column":4},"end":{"line":23,"column":6}},"2":{"start":{"line":15,"column":0},"end":{"line":15,"column":13}}},"fnMap":{"0":{"name":"(anonymous_0)","decl":{"start":{"line":16,"column":2},"end":{"line":16,"column":9}},"loc":{"start":{"line":16,"column":30},"end":{"line":24,"column":3}}}},"branchMap":{},"s":{"0":2,"1":1,"2":2},"f":{"0":1},"b":{}}
,"D:\\Cursos\\NodeJS_Group10\\src\\modules\\user\\interfaces\\http\\dto\\response\\user-list.dto.ts": {"path":"D:\\Cursos\\NodeJS_Group10\\src\\modules\\user\\interfaces\\http\\dto\\response\\user-list.dto.ts","statementMap":{"0":{"start":{"line":2,"column":0},"end":{"line":2,"column":38}},"1":{"start":{"line":15,"column":4},"end":{"line":22,"column":7}},"2":{"start":{"line":16,"column":6},"end":{"line":21,"column":8}},"3":{"start":{"line":13,"column":0},"end":{"line":13,"column":13}}},"fnMap":{"0":{"name":"(anonymous_0)","decl":{"start":{"line":14,"column":2},"end":{"line":14,"column":9}},"loc":{"start":{"line":14,"column":32},"end":{"line":23,"column":3}}},"1":{"name":"(anonymous_1)","decl":{"start":{"line":15,"column":20},"end":{"line":15,"column":21}},"loc":{"start":{"line":15,"column":45},"end":{"line":22,"column":5}}}},"branchMap":{},"s":{"0":2,"1":2,"2":3,"3":2},"f":{"0":2,"1":3},"b":{}}
,"D:\\Cursos\\NodeJS_Group10\\src\\modules\\user\\interfaces\\http\\dto\\response\\user-update.dto.ts": {"path":"D:\\Cursos\\NodeJS_Group10\\src\\modules\\user\\interfaces\\http\\dto\\response\\user-update.dto.ts","statementMap":{"0":{"start":{"line":2,"column":0},"end":{"line":2,"column":38}},"1":{"start":{"line":15,"column":4},"end":{"line":20,"column":6}},"2":{"start":{"line":13,"column":0},"end":{"line":13,"column":13}}},"fnMap":{"0":{"name":"(anonymous_0)","decl":{"start":{"line":14,"column":2},"end":{"line":14,"column":9}},"loc":{"start":{"line":14,"column":30},"end":{"line":21,"column":3}}}},"branchMap":{},"s":{"0":0,"1":0,"2":0},"f":{"0":0},"b":{}}
,"D:\\Cursos\\NodeJS_Group10\\src\\modules\\user\\interfaces\\http\\middlewares\\user.middleware.ts": {"path":"D:\\Cursos\\NodeJS_Group10\\src\\modules\\user\\interfaces\\http\\middlewares\\user.middleware.ts","statementMap":{"0":{"start":{"line":1,"column":0},"end":{"line":1,"column":43}},"1":{"start":{"line":3,"column":0},"end":{"line":3,"column":68}},"2":{"start":{"line":11,"column":21},"end":{"line":11,"column":31}},"3":{"start":{"line":12,"column":33},"end":{"line":12,"column":59}},"4":{"start":{"line":13,"column":4},"end":{"line":13,"column":37}},"5":{"start":{"line":15,"column":19},"end":{"line":15,"column":55}},"6":{"start":{"line":16,"column":4},"end":{"line":16,"column":22}},"7":{"start":{"line":17,"column":4},"end":{"line":17,"column":24}},"8":{"start":{"line":18,"column":4},"end":{"line":22,"column":null}},"9":{"start":{"line":19,"column":6},"end":{"line":19,"column":26}},"10":{"start":{"line":21,"column":6},"end":{"line":21,"column":48}},"11":{"start":{"line":24,"column":4},"end":{"line":24,"column":11}},"12":{"start":{"line":28,"column":13},"end":{"line":32,"column":56}}},"fnMap":{"0":{"name":"(anonymous_0)","decl":{"start":{"line":6,"column":2},"end":{"line":6,"column":8}},"loc":{"start":{"line":9,"column":22},"end":{"line":25,"column":3}}}},"branchMap":{"0":{"loc":{"start":{"line":18,"column":4},"end":{"line":22,"column":null}},"type":"if","locations":[{"start":{"line":18,"column":4},"end":{"line":22,"column":null}}]}},"s":{"0":1,"1":1,"2":0,"3":0,"4":0,"5":0,"6":0,"7":0,"8":0,"9":0,"10":0,"11":0,"12":1},"f":{"0":0},"b":{"0":[0]}}
,"D:\\Cursos\\NodeJS_Group10\\src\\modules\\user\\interfaces\\http\\validators\\user.validator.ts": {"path":"D:\\Cursos\\NodeJS_Group10\\src\\modules\\user\\interfaces\\http\\validators\\user.validator.ts","statementMap":{"0":{"start":{"line":1,"column":0},"end":{"line":1,"column":66}},"1":{"start":{"line":7,"column":2},"end":{"line":7,"column":null}},"2":{"start":{"line":3,"column":0},"end":{"line":3,"column":13}}},"fnMap":{},"branchMap":{},"s":{"0":1,"1":1,"2":1},"f":{},"b":{}}
}
